This file contains any messages produced by compilers while
running configure, to aid debugging if configure makes a mistake.

It was created by ngIRCd configure 27~6-g512af135, which was
generated by GNU Autoconf 2.72.  Invocation command line was

  $ ./configure

## --------- ##
## Platform. ##
## --------- ##

hostname = cbr15s5.42barcelona.com
uname -m = x86_64
uname -r = 5.15.0-127-generic
uname -s = Linux
uname -v = #137-Ubuntu SMP Fri Nov 8 15:21:01 UTC 2024

/usr/bin/uname -p = x86_64
/bin/uname -X     = unknown

/bin/arch              = x86_64
/usr/bin/arch -k       = unknown
/usr/convex/getsysinfo = unknown
/usr/bin/hostinfo      = unknown
/bin/machine           = unknown
/usr/bin/oslevel       = unknown
/bin/universe          = unknown

PATH: /home/sguzman/homebrew/bin/
PATH: /home/sguzman/homebrew/sbin/
PATH: /home/sguzman/.config/nvm/versions/node/v18.20.5/bin/
PATH: /home/sguzman/bin/
PATH: /home/sguzman/.local/bin/
PATH: /home/sguzman/.cargo/bin/
PATH: /usr/local/bin/
PATH: /home/sguzman/bin/
PATH: /home/sguzman/.local/kitty.app/bin/
PATH: /home/sguzman/bin/
PATH: /home/sguzman/bin/
PATH: /usr/local/sbin/
PATH: /usr/local/bin/
PATH: /usr/sbin/
PATH: /usr/bin/
PATH: /sbin/
PATH: /bin/
PATH: /usr/games/
PATH: /usr/local/games/
PATH: /snap/bin/
PATH: /home/sguzman/
PATH: .apt/usr/bin/
PATH: .apt/bin/
PATH: .apt/sbin/
PATH: .apt/usr/share/
PATH: .apt/usr/lib/


## ----------- ##
## Core tests. ##
## ----------- ##

configure:2640: looking for aux files: ar-lib compile missing install-sh config.guess config.sub
configure:2653:  trying ./
configure:2682:   ./ar-lib found
configure:2682:   ./compile found
configure:2682:   ./missing found
configure:2664:   ./install-sh found
configure:2682:   ./config.guess found
configure:2682:   ./config.sub found
configure:2805: checking build system type
configure:2821: result: x86_64-pc-linux-gnu
configure:2841: checking host system type
configure:2856: result: x86_64-pc-linux-gnu
configure:2894: checking for a BSD-compatible install
configure:2968: result: /usr/bin/install -c
configure:2979: checking whether sleep supports fractional seconds
configure:2995: result: yes
configure:2998: checking filesystem timestamp resolution
configure:3133: result: 0.01
configure:3138: checking whether build environment is sane
configure:3179: result: yes
configure:3350: checking for a race-free mkdir -p
configure:3393: result: /usr/bin/mkdir -p
configure:3400: checking for gawk
configure:3421: found /usr/bin/gawk
configure:3433: result: gawk
configure:3444: checking whether make sets $(MAKE)
configure:3468: result: yes
configure:3494: checking whether make supports nested variables
configure:3513: result: yes
configure:3527: checking xargs -n works
configure:3543: result: yes
configure:3730: checking for gcc
configure:3751: found /usr/bin/gcc
configure:3763: result: gcc
configure:4122: checking for C compiler version
configure:4131: gcc --version >&5
gcc (Ubuntu 10.5.0-1ubuntu1~22.04) 10.5.0
Copyright (C) 2020 Free Software Foundation, Inc.
This is free software; see the source for copying conditions.  There is NO
warranty; not even for MERCHANTABILITY or FITNESS FOR A PARTICULAR PURPOSE.

configure:4142: $? = 0
configure:4131: gcc -v >&5
Using built-in specs.
COLLECT_GCC=gcc
COLLECT_LTO_WRAPPER=/usr/lib/gcc/x86_64-linux-gnu/10/lto-wrapper
Target: x86_64-linux-gnu
Configured with: ../src/configure -v --with-pkgversion='Ubuntu 10.5.0-1ubuntu1~22.04' --with-bugurl=file:///usr/share/doc/gcc-10/README.Bugs --enable-languages=c,ada,c++,go,brig,d,fortran,objc,obj-c++,m2 --prefix=/usr --with-gcc-major-version-only --program-suffix=-10 --program-prefix=x86_64-linux-gnu- --enable-shared --enable-linker-build-id --libexecdir=/usr/lib --without-included-gettext --enable-threads=posix --libdir=/usr/lib --enable-nls --enable-bootstrap --enable-clocale=gnu --enable-libstdcxx-debug --enable-libstdcxx-time=yes --with-default-libstdcxx-abi=new --enable-gnu-unique-object --disable-vtable-verify --enable-plugin --enable-default-pie --with-system-zlib --enable-libphobos-checking=release --with-target-system-zlib=auto --enable-objc-gc=auto --enable-multiarch --disable-werror --with-arch-32=i686 --with-abi=m64 --with-multilib-list=m32,m64,mx32 --enable-multilib --with-tune=generic --enable-offload-targets=hsa --without-cuda-driver --enable-checking=release --build=x86_64-linux-gnu --host=x86_64-linux-gnu --target=x86_64-linux-gnu --with-build-config=bootstrap-lto-lean --enable-link-mutex
Thread model: posix
Supported LTO compression algorithms: zlib zstd
gcc version 10.5.0 (Ubuntu 10.5.0-1ubuntu1~22.04) 
configure:4142: $? = 0
configure:4131: gcc -V >&5
gcc: error: unrecognized command-line option '-V'
gcc: fatal error: no input files
compilation terminated.
configure:4142: $? = 1
configure:4131: gcc -qversion >&5
gcc: error: unrecognized command-line option '-qversion'; did you mean '--version'?
gcc: fatal error: no input files
compilation terminated.
configure:4142: $? = 1
configure:4131: gcc -version >&5
gcc: error: unrecognized command-line option '-version'
gcc: fatal error: no input files
compilation terminated.
configure:4142: $? = 1
configure:4162: checking whether the C compiler works
configure:4184: gcc    conftest.c  >&5
configure:4188: $? = 0
configure:4239: result: yes
configure:4243: checking for C compiler default output file name
configure:4245: result: a.out
configure:4251: checking for suffix of executables
configure:4258: gcc -o conftest    conftest.c  >&5
configure:4262: $? = 0
configure:4286: result: 
configure:4310: checking whether we are cross compiling
configure:4318: gcc -o conftest    conftest.c  >&5
configure:4322: $? = 0
configure:4329: ./conftest
configure:4333: $? = 0
configure:4348: result: no
configure:4354: checking for suffix of object files
configure:4377: gcc -c   conftest.c >&5
configure:4381: $? = 0
configure:4405: result: o
configure:4409: checking whether the compiler supports GNU C
configure:4429: gcc -c   conftest.c >&5
configure:4429: $? = 0
configure:4441: result: yes
configure:4452: checking whether gcc accepts -g
configure:4473: gcc -c -g  conftest.c >&5
configure:4473: $? = 0
configure:4520: result: yes
configure:4540: checking for gcc option to enable C11 features
configure:4555: gcc  -c -g -O2  conftest.c >&5
configure:4555: $? = 0
configure:4574: result: none needed
configure:4698: checking whether gcc understands -c and -o together
configure:4721: gcc -c conftest.c -o conftest2.o
configure:4724: $? = 0
configure:4721: gcc -c conftest.c -o conftest2.o
configure:4724: $? = 0
configure:4737: result: yes
configure:4757: checking whether make supports the include directive
configure:4772: make -f confmf.GNU && cat confinc.out
this is the am__doit target
configure:4775: $? = 0
configure:4794: result: yes (GNU style)
configure:4820: checking dependency style of gcc
configure:4933: result: gcc3
configure:5009: checking for ar
configure:5030: found /usr/bin/ar
configure:5042: result: ar
configure:5069: checking the archiver (ar) interface
configure:5086: gcc -c -g -O2  conftest.c >&5
configure:5086: $? = 0
configure:5089: ar cr libconftest.a conftest.o >&5
configure:5092: $? = 0
configure:5121: result: ar
configure:5146: checking for gawk
configure:5179: result: gawk
configure:5191: checking whether ln -s works
configure:5195: result: yes
configure:5202: checking whether make sets $(MAKE)
configure:5226: result: yes
configure:5285: checking for ranlib
configure:5306: found /usr/bin/ranlib
configure:5318: result: ranlib
configure:5343: checking for an ANSI C-conforming const
configure:5410: gcc -c -g -O2  conftest.c >&5
configure:5410: $? = 0
configure:5420: result: yes
configure:5428: checking for inline
configure:5445: gcc -c -g -O2  conftest.c >&5
configure:5445: $? = 0
configure:5455: result: inline
configure:5501: checking whether gcc accepts -fstack-protector
configure:5516: gcc -o conftest -g -O2 -pipe -W -Wall -Wpointer-arith -Wstrict-prototypes -fstack-protector-all   conftest.c  >&5
configure:5516: $? = 0
configure:5536: checking whether gcc accepts -Wno-format-truncation
configure:5551: gcc -o conftest -g -O2 -pipe -W -Wall -Wpointer-arith -Wstrict-prototypes -fstack-protector -Werror -Wno-format-truncation   conftest.c  >&5
configure:5551: $? = 0
configure:5588: checking for stdio.h
configure:5588: gcc -c -g -O2 -pipe -W -Wall -Wpointer-arith -Wstrict-prototypes -fstack-protector -Wno-format-truncation -DSYSCONFDIR='"$(sysconfdir)"' -DDOCDIR='"$(docdir)"'  conftest.c >&5
configure:5588: $? = 0
configure:5588: result: yes
configure:5588: checking for stdlib.h
configure:5588: gcc -c -g -O2 -pipe -W -Wall -Wpointer-arith -Wstrict-prototypes -fstack-protector -Wno-format-truncation -DSYSCONFDIR='"$(sysconfdir)"' -DDOCDIR='"$(docdir)"'  conftest.c >&5
configure:5588: $? = 0
configure:5588: result: yes
configure:5588: checking for string.h
configure:5588: gcc -c -g -O2 -pipe -W -Wall -Wpointer-arith -Wstrict-prototypes -fstack-protector -Wno-format-truncation -DSYSCONFDIR='"$(sysconfdir)"' -DDOCDIR='"$(docdir)"'  conftest.c >&5
configure:5588: $? = 0
configure:5588: result: yes
configure:5588: checking for inttypes.h
configure:5588: gcc -c -g -O2 -pipe -W -Wall -Wpointer-arith -Wstrict-prototypes -fstack-protector -Wno-format-truncation -DSYSCONFDIR='"$(sysconfdir)"' -DDOCDIR='"$(docdir)"'  conftest.c >&5
configure:5588: $? = 0
configure:5588: result: yes
configure:5588: checking for stdint.h
configure:5588: gcc -c -g -O2 -pipe -W -Wall -Wpointer-arith -Wstrict-prototypes -fstack-protector -Wno-format-truncation -DSYSCONFDIR='"$(sysconfdir)"' -DDOCDIR='"$(docdir)"'  conftest.c >&5
configure:5588: $? = 0
configure:5588: result: yes
configure:5588: checking for strings.h
configure:5588: gcc -c -g -O2 -pipe -W -Wall -Wpointer-arith -Wstrict-prototypes -fstack-protector -Wno-format-truncation -DSYSCONFDIR='"$(sysconfdir)"' -DDOCDIR='"$(docdir)"'  conftest.c >&5
configure:5588: $? = 0
configure:5588: result: yes
configure:5588: checking for sys/stat.h
configure:5588: gcc -c -g -O2 -pipe -W -Wall -Wpointer-arith -Wstrict-prototypes -fstack-protector -Wno-format-truncation -DSYSCONFDIR='"$(sysconfdir)"' -DDOCDIR='"$(docdir)"'  conftest.c >&5
configure:5588: $? = 0
configure:5588: result: yes
configure:5588: checking for sys/types.h
configure:5588: gcc -c -g -O2 -pipe -W -Wall -Wpointer-arith -Wstrict-prototypes -fstack-protector -Wno-format-truncation -DSYSCONFDIR='"$(sysconfdir)"' -DDOCDIR='"$(docdir)"'  conftest.c >&5
configure:5588: $? = 0
configure:5588: result: yes
configure:5588: checking for unistd.h
configure:5588: gcc -c -g -O2 -pipe -W -Wall -Wpointer-arith -Wstrict-prototypes -fstack-protector -Wno-format-truncation -DSYSCONFDIR='"$(sysconfdir)"' -DDOCDIR='"$(docdir)"'  conftest.c >&5
configure:5588: $? = 0
configure:5588: result: yes
configure:5588: checking for sys/time.h
configure:5588: gcc -c -g -O2 -pipe -W -Wall -Wpointer-arith -Wstrict-prototypes -fstack-protector -Wno-format-truncation -DSYSCONFDIR='"$(sysconfdir)"' -DDOCDIR='"$(docdir)"'  conftest.c >&5
configure:5588: $? = 0
configure:5588: result: yes
configure:5588: checking for arpa/inet.h
configure:5588: gcc -c -g -O2 -pipe -W -Wall -Wpointer-arith -Wstrict-prototypes -fstack-protector -Wno-format-truncation -DSYSCONFDIR='"$(sysconfdir)"' -DDOCDIR='"$(docdir)"'  conftest.c >&5
configure:5588: $? = 0
configure:5588: result: yes
configure:5588: checking for malloc.h
configure:5588: gcc -c -g -O2 -pipe -W -Wall -Wpointer-arith -Wstrict-prototypes -fstack-protector -Wno-format-truncation -DSYSCONFDIR='"$(sysconfdir)"' -DDOCDIR='"$(docdir)"'  conftest.c >&5
configure:5588: $? = 0
configure:5588: result: yes
configure:5588: checking for netinet/in_systm.h
configure:5588: gcc -c -g -O2 -pipe -W -Wall -Wpointer-arith -Wstrict-prototypes -fstack-protector -Wno-format-truncation -DSYSCONFDIR='"$(sysconfdir)"' -DDOCDIR='"$(docdir)"'  conftest.c >&5
configure:5588: $? = 0
configure:5588: result: yes
configure:5588: checking for netinet/ip.h
configure:5588: gcc -c -g -O2 -pipe -W -Wall -Wpointer-arith -Wstrict-prototypes -fstack-protector -Wno-format-truncation -DSYSCONFDIR='"$(sysconfdir)"' -DDOCDIR='"$(docdir)"'  conftest.c >&5
configure:5588: $? = 0
configure:5588: result: yes
configure:5588: checking for stdbool.h
configure:5588: gcc -c -g -O2 -pipe -W -Wall -Wpointer-arith -Wstrict-prototypes -fstack-protector -Wno-format-truncation -DSYSCONFDIR='"$(sysconfdir)"' -DDOCDIR='"$(docdir)"'  conftest.c >&5
configure:5588: $? = 0
configure:5588: result: yes
configure:5588: checking for stddef.h
configure:5588: gcc -c -g -O2 -pipe -W -Wall -Wpointer-arith -Wstrict-prototypes -fstack-protector -Wno-format-truncation -DSYSCONFDIR='"$(sysconfdir)"' -DDOCDIR='"$(docdir)"'  conftest.c >&5
configure:5588: $? = 0
configure:5588: result: yes
configure:5588: checking for sys/resource.h
configure:5588: gcc -c -g -O2 -pipe -W -Wall -Wpointer-arith -Wstrict-prototypes -fstack-protector -Wno-format-truncation -DSYSCONFDIR='"$(sysconfdir)"' -DDOCDIR='"$(docdir)"'  conftest.c >&5
configure:5588: $? = 0
configure:5588: result: yes
configure:5588: checking for sys/un.h
configure:5588: gcc -c -g -O2 -pipe -W -Wall -Wpointer-arith -Wstrict-prototypes -fstack-protector -Wno-format-truncation -DSYSCONFDIR='"$(sysconfdir)"' -DDOCDIR='"$(docdir)"'  conftest.c >&5
configure:5588: $? = 0
configure:5588: result: yes
configure:5588: checking for varargs.h
configure:5588: gcc -c -g -O2 -pipe -W -Wall -Wpointer-arith -Wstrict-prototypes -fstack-protector -Wno-format-truncation -DSYSCONFDIR='"$(sysconfdir)"' -DDOCDIR='"$(docdir)"'  conftest.c >&5
In file included from conftest.c:60:
/usr/lib/gcc/x86_64-linux-gnu/10/include/varargs.h:4:2: error: #error "GCC no longer implements <varargs.h>."
    4 | #error "GCC no longer implements <varargs.h>."
      |  ^~~~~
/usr/lib/gcc/x86_64-linux-gnu/10/include/varargs.h:5:2: error: #error "Revise your code to use <stdarg.h>."
    5 | #error "Revise your code to use <stdarg.h>."
      |  ^~~~~
configure:5588: $? = 1
configure: failed program was:
| /* confdefs.h */
| #define PACKAGE_NAME "ngIRCd"
| #define PACKAGE_TARNAME "ngircd"
| #define PACKAGE_VERSION "27~6-g512af135"
| #define PACKAGE_STRING "ngIRCd 27~6-g512af135"
| #define PACKAGE_BUGREPORT "ngircd@lists.barton.de"
| #define PACKAGE_URL "https://ngircd.barton.de/"
| #define PACKAGE "ngircd"
| #define VERSION "27~6-g512af135"
| #define PROTOTYPES 1
| #define __PROTOTYPES 1
| #define ENABLE_SSP_CC 1
| #define HAVE_STDIO_H 1
| #define HAVE_STDLIB_H 1
| #define HAVE_STRING_H 1
| #define HAVE_INTTYPES_H 1
| #define HAVE_STDINT_H 1
| #define HAVE_STRINGS_H 1
| #define HAVE_SYS_STAT_H 1
| #define HAVE_SYS_TYPES_H 1
| #define HAVE_UNISTD_H 1
| #define HAVE_SYS_TIME_H 1
| #define HAVE_ARPA_INET_H 1
| #define HAVE_MALLOC_H 1
| #define HAVE_NETINET_IN_SYSTM_H 1
| #define HAVE_NETINET_IP_H 1
| #define HAVE_STDBOOL_H 1
| #define HAVE_STDDEF_H 1
| #define HAVE_SYS_RESOURCE_H 1
| #define HAVE_SYS_UN_H 1
| /* end confdefs.h.  */
| #include <stddef.h>
| #ifdef HAVE_STDIO_H
| # include <stdio.h>
| #endif
| #ifdef HAVE_STDLIB_H
| # include <stdlib.h>
| #endif
| #ifdef HAVE_STRING_H
| # include <string.h>
| #endif
| #ifdef HAVE_INTTYPES_H
| # include <inttypes.h>
| #endif
| #ifdef HAVE_STDINT_H
| # include <stdint.h>
| #endif
| #ifdef HAVE_STRINGS_H
| # include <strings.h>
| #endif
| #ifdef HAVE_SYS_TYPES_H
| # include <sys/types.h>
| #endif
| #ifdef HAVE_SYS_STAT_H
| # include <sys/stat.h>
| #endif
| #ifdef HAVE_UNISTD_H
| # include <unistd.h>
| #endif
| #include <varargs.h>
configure:5588: result: no
configure:5588: checking for vfork.h
configure:5588: gcc -c -g -O2 -pipe -W -Wall -Wpointer-arith -Wstrict-prototypes -fstack-protector -Wno-format-truncation -DSYSCONFDIR='"$(sysconfdir)"' -DDOCDIR='"$(docdir)"'  conftest.c >&5
conftest.c:60:10: fatal error: vfork.h: No such file or directory
   60 | #include <vfork.h>
      |          ^~~~~~~~~
compilation terminated.
configure:5588: $? = 1
configure: failed program was:
| /* confdefs.h */
| #define PACKAGE_NAME "ngIRCd"
| #define PACKAGE_TARNAME "ngircd"
| #define PACKAGE_VERSION "27~6-g512af135"
| #define PACKAGE_STRING "ngIRCd 27~6-g512af135"
| #define PACKAGE_BUGREPORT "ngircd@lists.barton.de"
| #define PACKAGE_URL "https://ngircd.barton.de/"
| #define PACKAGE "ngircd"
| #define VERSION "27~6-g512af135"
| #define PROTOTYPES 1
| #define __PROTOTYPES 1
| #define ENABLE_SSP_CC 1
| #define HAVE_STDIO_H 1
| #define HAVE_STDLIB_H 1
| #define HAVE_STRING_H 1
| #define HAVE_INTTYPES_H 1
| #define HAVE_STDINT_H 1
| #define HAVE_STRINGS_H 1
| #define HAVE_SYS_STAT_H 1
| #define HAVE_SYS_TYPES_H 1
| #define HAVE_UNISTD_H 1
| #define HAVE_SYS_TIME_H 1
| #define HAVE_ARPA_INET_H 1
| #define HAVE_MALLOC_H 1
| #define HAVE_NETINET_IN_SYSTM_H 1
| #define HAVE_NETINET_IP_H 1
| #define HAVE_STDBOOL_H 1
| #define HAVE_STDDEF_H 1
| #define HAVE_SYS_RESOURCE_H 1
| #define HAVE_SYS_UN_H 1
| /* end confdefs.h.  */
| #include <stddef.h>
| #ifdef HAVE_STDIO_H
| # include <stdio.h>
| #endif
| #ifdef HAVE_STDLIB_H
| # include <stdlib.h>
| #endif
| #ifdef HAVE_STRING_H
| # include <string.h>
| #endif
| #ifdef HAVE_INTTYPES_H
| # include <inttypes.h>
| #endif
| #ifdef HAVE_STDINT_H
| # include <stdint.h>
| #endif
| #ifdef HAVE_STRINGS_H
| # include <strings.h>
| #endif
| #ifdef HAVE_SYS_TYPES_H
| # include <sys/types.h>
| #endif
| #ifdef HAVE_SYS_STAT_H
| # include <sys/stat.h>
| #endif
| #ifdef HAVE_UNISTD_H
| # include <unistd.h>
| #endif
| #include <vfork.h>
configure:5588: result: no
configure:5613: checking for grep that handles long lines and -e
configure:5679: result: /usr/bin/grep
configure:5687: checking for egrep
configure:5757: result: /usr/bin/grep -E
configure:5765: checking for sys/wait.h that is POSIX.1 compatible
configure:5792: gcc -c -g -O2 -pipe -W -Wall -Wpointer-arith -Wstrict-prototypes -fstack-protector -Wno-format-truncation -DSYSCONFDIR='"$(sysconfdir)"' -DDOCDIR='"$(docdir)"'  conftest.c >&5
configure:5792: $? = 0
configure:5802: result: yes
configure:5825: checking for fcntl.h
configure:5825: gcc -c -g -O2 -pipe -W -Wall -Wpointer-arith -Wstrict-prototypes -fstack-protector -Wno-format-truncation -DSYSCONFDIR='"$(sysconfdir)"' -DDOCDIR='"$(docdir)"'  conftest.c >&5
configure:5825: $? = 0
configure:5825: result: yes
configure:5825: checking for netdb.h
configure:5825: gcc -c -g -O2 -pipe -W -Wall -Wpointer-arith -Wstrict-prototypes -fstack-protector -Wno-format-truncation -DSYSCONFDIR='"$(sysconfdir)"' -DDOCDIR='"$(docdir)"'  conftest.c >&5
configure:5825: $? = 0
configure:5825: result: yes
configure:5825: checking for netinet/in.h
configure:5825: gcc -c -g -O2 -pipe -W -Wall -Wpointer-arith -Wstrict-prototypes -fstack-protector -Wno-format-truncation -DSYSCONFDIR='"$(sysconfdir)"' -DDOCDIR='"$(docdir)"'  conftest.c >&5
configure:5825: $? = 0
configure:5825: result: yes
configure:5825: checking for stdlib.h
configure:5825: result: yes
configure:5825: checking for string.h
configure:5825: result: yes
configure:5825: checking for strings.h
configure:5825: result: yes
configure:5825: checking for sys/socket.h
configure:5825: gcc -c -g -O2 -pipe -W -Wall -Wpointer-arith -Wstrict-prototypes -fstack-protector -Wno-format-truncation -DSYSCONFDIR='"$(sysconfdir)"' -DDOCDIR='"$(docdir)"'  conftest.c >&5
configure:5825: $? = 0
configure:5825: result: yes
configure:5825: checking for sys/time.h
configure:5825: result: yes
configure:5825: checking for sys/types.h
configure:5825: result: yes
configure:5825: checking for unistd.h
configure:5825: result: yes
configure:5853: checking whether socklen_t exists
configure:5872: gcc -c -g -O2 -pipe -W -Wall -Wpointer-arith -Wstrict-prototypes -fstack-protector -Wno-format-truncation -DSYSCONFDIR='"$(sysconfdir)"' -DDOCDIR='"$(docdir)"'  conftest.c >&5
configure:5872: $? = 0
configure:5876: result: yes
configure:5889: checking for pid_t
configure:5889: gcc -c -g -O2 -pipe -W -Wall -Wpointer-arith -Wstrict-prototypes -fstack-protector -Wno-format-truncation -DSYSCONFDIR='"$(sysconfdir)"' -DDOCDIR='"$(docdir)"'  conftest.c >&5
configure:5889: $? = 0
configure:5889: gcc -c -g -O2 -pipe -W -Wall -Wpointer-arith -Wstrict-prototypes -fstack-protector -Wno-format-truncation -DSYSCONFDIR='"$(sysconfdir)"' -DDOCDIR='"$(docdir)"'  conftest.c >&5
conftest.c: In function 'main':
conftest.c:78:20: error: expected expression before ')' token
   78 | if (sizeof ((pid_t)))
      |                    ^
configure:5889: $? = 1
configure: failed program was:
| /* confdefs.h */
| #define PACKAGE_NAME "ngIRCd"
| #define PACKAGE_TARNAME "ngircd"
| #define PACKAGE_VERSION "27~6-g512af135"
| #define PACKAGE_STRING "ngIRCd 27~6-g512af135"
| #define PACKAGE_BUGREPORT "ngircd@lists.barton.de"
| #define PACKAGE_URL "https://ngircd.barton.de/"
| #define PACKAGE "ngircd"
| #define VERSION "27~6-g512af135"
| #define PROTOTYPES 1
| #define __PROTOTYPES 1
| #define ENABLE_SSP_CC 1
| #define HAVE_STDIO_H 1
| #define HAVE_STDLIB_H 1
| #define HAVE_STRING_H 1
| #define HAVE_INTTYPES_H 1
| #define HAVE_STDINT_H 1
| #define HAVE_STRINGS_H 1
| #define HAVE_SYS_STAT_H 1
| #define HAVE_SYS_TYPES_H 1
| #define HAVE_UNISTD_H 1
| #define HAVE_SYS_TIME_H 1
| #define HAVE_ARPA_INET_H 1
| #define HAVE_MALLOC_H 1
| #define HAVE_NETINET_IN_SYSTM_H 1
| #define HAVE_NETINET_IP_H 1
| #define HAVE_STDBOOL_H 1
| #define HAVE_STDDEF_H 1
| #define HAVE_SYS_RESOURCE_H 1
| #define HAVE_SYS_UN_H 1
| #define STDC_HEADERS 1
| #define HAVE_SYS_WAIT_H 1
| #define TIME_WITH_SYS_TIME 1
| #define HAVE_FCNTL_H 1
| #define HAVE_NETDB_H 1
| #define HAVE_NETINET_IN_H 1
| #define HAVE_STDLIB_H 1
| #define HAVE_STRING_H 1
| #define HAVE_STRINGS_H 1
| #define HAVE_SYS_SOCKET_H 1
| #define HAVE_SYS_TIME_H 1
| #define HAVE_SYS_TYPES_H 1
| #define HAVE_UNISTD_H 1
| #define HAVE_socklen_t 1
| /* end confdefs.h.  */
| #include <stddef.h>
| #ifdef HAVE_STDIO_H
| # include <stdio.h>
| #endif
| #ifdef HAVE_STDLIB_H
| # include <stdlib.h>
| #endif
| #ifdef HAVE_STRING_H
| # include <string.h>
| #endif
| #ifdef HAVE_INTTYPES_H
| # include <inttypes.h>
| #endif
| #ifdef HAVE_STDINT_H
| # include <stdint.h>
| #endif
| #ifdef HAVE_STRINGS_H
| # include <strings.h>
| #endif
| #ifdef HAVE_SYS_TYPES_H
| # include <sys/types.h>
| #endif
| #ifdef HAVE_SYS_STAT_H
| # include <sys/stat.h>
| #endif
| #ifdef HAVE_UNISTD_H
| # include <unistd.h>
| #endif
| 
| int
| main (void)
| {
| if (sizeof ((pid_t)))
| 	    return 0;
|   ;
|   return 0;
| }
configure:5889: result: yes
configure:5927: checking for size_t
configure:5927: gcc -c -g -O2 -pipe -W -Wall -Wpointer-arith -Wstrict-prototypes -fstack-protector -Wno-format-truncation -DSYSCONFDIR='"$(sysconfdir)"' -DDOCDIR='"$(docdir)"'  conftest.c >&5
configure:5927: $? = 0
configure:5927: gcc -c -g -O2 -pipe -W -Wall -Wpointer-arith -Wstrict-prototypes -fstack-protector -Wno-format-truncation -DSYSCONFDIR='"$(sysconfdir)"' -DDOCDIR='"$(docdir)"'  conftest.c >&5
conftest.c: In function 'main':
conftest.c:77:21: error: expected expression before ')' token
   77 | if (sizeof ((size_t)))
      |                     ^
configure:5927: $? = 1
configure: failed program was:
| /* confdefs.h */
| #define PACKAGE_NAME "ngIRCd"
| #define PACKAGE_TARNAME "ngircd"
| #define PACKAGE_VERSION "27~6-g512af135"
| #define PACKAGE_STRING "ngIRCd 27~6-g512af135"
| #define PACKAGE_BUGREPORT "ngircd@lists.barton.de"
| #define PACKAGE_URL "https://ngircd.barton.de/"
| #define PACKAGE "ngircd"
| #define VERSION "27~6-g512af135"
| #define PROTOTYPES 1
| #define __PROTOTYPES 1
| #define ENABLE_SSP_CC 1
| #define HAVE_STDIO_H 1
| #define HAVE_STDLIB_H 1
| #define HAVE_STRING_H 1
| #define HAVE_INTTYPES_H 1
| #define HAVE_STDINT_H 1
| #define HAVE_STRINGS_H 1
| #define HAVE_SYS_STAT_H 1
| #define HAVE_SYS_TYPES_H 1
| #define HAVE_UNISTD_H 1
| #define HAVE_SYS_TIME_H 1
| #define HAVE_ARPA_INET_H 1
| #define HAVE_MALLOC_H 1
| #define HAVE_NETINET_IN_SYSTM_H 1
| #define HAVE_NETINET_IP_H 1
| #define HAVE_STDBOOL_H 1
| #define HAVE_STDDEF_H 1
| #define HAVE_SYS_RESOURCE_H 1
| #define HAVE_SYS_UN_H 1
| #define STDC_HEADERS 1
| #define HAVE_SYS_WAIT_H 1
| #define TIME_WITH_SYS_TIME 1
| #define HAVE_FCNTL_H 1
| #define HAVE_NETDB_H 1
| #define HAVE_NETINET_IN_H 1
| #define HAVE_STDLIB_H 1
| #define HAVE_STRING_H 1
| #define HAVE_STRINGS_H 1
| #define HAVE_SYS_SOCKET_H 1
| #define HAVE_SYS_TIME_H 1
| #define HAVE_SYS_TYPES_H 1
| #define HAVE_UNISTD_H 1
| #define HAVE_socklen_t 1
| /* end confdefs.h.  */
| #include <stddef.h>
| #ifdef HAVE_STDIO_H
| # include <stdio.h>
| #endif
| #ifdef HAVE_STDLIB_H
| # include <stdlib.h>
| #endif
| #ifdef HAVE_STRING_H
| # include <string.h>
| #endif
| #ifdef HAVE_INTTYPES_H
| # include <inttypes.h>
| #endif
| #ifdef HAVE_STDINT_H
| # include <stdint.h>
| #endif
| #ifdef HAVE_STRINGS_H
| # include <strings.h>
| #endif
| #ifdef HAVE_SYS_TYPES_H
| # include <sys/types.h>
| #endif
| #ifdef HAVE_SYS_STAT_H
| # include <sys/stat.h>
| #endif
| #ifdef HAVE_UNISTD_H
| # include <unistd.h>
| #endif
| int
| main (void)
| {
| if (sizeof ((size_t)))
| 	    return 0;
|   ;
|   return 0;
| }
configure:5927: result: yes
configure:5938: checking for ssize_t
configure:5938: gcc -c -g -O2 -pipe -W -Wall -Wpointer-arith -Wstrict-prototypes -fstack-protector -Wno-format-truncation -DSYSCONFDIR='"$(sysconfdir)"' -DDOCDIR='"$(docdir)"'  conftest.c >&5
configure:5938: $? = 0
configure:5938: gcc -c -g -O2 -pipe -W -Wall -Wpointer-arith -Wstrict-prototypes -fstack-protector -Wno-format-truncation -DSYSCONFDIR='"$(sysconfdir)"' -DDOCDIR='"$(docdir)"'  conftest.c >&5
conftest.c: In function 'main':
conftest.c:77:22: error: expected expression before ')' token
   77 | if (sizeof ((ssize_t)))
      |                      ^
configure:5938: $? = 1
configure: failed program was:
| /* confdefs.h */
| #define PACKAGE_NAME "ngIRCd"
| #define PACKAGE_TARNAME "ngircd"
| #define PACKAGE_VERSION "27~6-g512af135"
| #define PACKAGE_STRING "ngIRCd 27~6-g512af135"
| #define PACKAGE_BUGREPORT "ngircd@lists.barton.de"
| #define PACKAGE_URL "https://ngircd.barton.de/"
| #define PACKAGE "ngircd"
| #define VERSION "27~6-g512af135"
| #define PROTOTYPES 1
| #define __PROTOTYPES 1
| #define ENABLE_SSP_CC 1
| #define HAVE_STDIO_H 1
| #define HAVE_STDLIB_H 1
| #define HAVE_STRING_H 1
| #define HAVE_INTTYPES_H 1
| #define HAVE_STDINT_H 1
| #define HAVE_STRINGS_H 1
| #define HAVE_SYS_STAT_H 1
| #define HAVE_SYS_TYPES_H 1
| #define HAVE_UNISTD_H 1
| #define HAVE_SYS_TIME_H 1
| #define HAVE_ARPA_INET_H 1
| #define HAVE_MALLOC_H 1
| #define HAVE_NETINET_IN_SYSTM_H 1
| #define HAVE_NETINET_IP_H 1
| #define HAVE_STDBOOL_H 1
| #define HAVE_STDDEF_H 1
| #define HAVE_SYS_RESOURCE_H 1
| #define HAVE_SYS_UN_H 1
| #define STDC_HEADERS 1
| #define HAVE_SYS_WAIT_H 1
| #define TIME_WITH_SYS_TIME 1
| #define HAVE_FCNTL_H 1
| #define HAVE_NETDB_H 1
| #define HAVE_NETINET_IN_H 1
| #define HAVE_STDLIB_H 1
| #define HAVE_STRING_H 1
| #define HAVE_STRINGS_H 1
| #define HAVE_SYS_SOCKET_H 1
| #define HAVE_SYS_TIME_H 1
| #define HAVE_SYS_TYPES_H 1
| #define HAVE_UNISTD_H 1
| #define HAVE_socklen_t 1
| /* end confdefs.h.  */
| #include <stddef.h>
| #ifdef HAVE_STDIO_H
| # include <stdio.h>
| #endif
| #ifdef HAVE_STDLIB_H
| # include <stdlib.h>
| #endif
| #ifdef HAVE_STRING_H
| # include <string.h>
| #endif
| #ifdef HAVE_INTTYPES_H
| # include <inttypes.h>
| #endif
| #ifdef HAVE_STDINT_H
| # include <stdint.h>
| #endif
| #ifdef HAVE_STRINGS_H
| # include <strings.h>
| #endif
| #ifdef HAVE_SYS_TYPES_H
| # include <sys/types.h>
| #endif
| #ifdef HAVE_SYS_STAT_H
| # include <sys/stat.h>
| #endif
| #ifdef HAVE_UNISTD_H
| # include <unistd.h>
| #endif
| int
| main (void)
| {
| if (sizeof ((ssize_t)))
| 	    return 0;
|   ;
|   return 0;
| }
configure:5938: result: yes
configure:5949: checking for uid_t
configure:5949: gcc -c -g -O2 -pipe -W -Wall -Wpointer-arith -Wstrict-prototypes -fstack-protector -Wno-format-truncation -DSYSCONFDIR='"$(sysconfdir)"' -DDOCDIR='"$(docdir)"'  conftest.c >&5
configure:5949: $? = 0
configure:5949: gcc -c -g -O2 -pipe -W -Wall -Wpointer-arith -Wstrict-prototypes -fstack-protector -Wno-format-truncation -DSYSCONFDIR='"$(sysconfdir)"' -DDOCDIR='"$(docdir)"'  conftest.c >&5
conftest.c: In function 'main':
conftest.c:77:20: error: expected expression before ')' token
   77 | if (sizeof ((uid_t)))
      |                    ^
configure:5949: $? = 1
configure: failed program was:
| /* confdefs.h */
| #define PACKAGE_NAME "ngIRCd"
| #define PACKAGE_TARNAME "ngircd"
| #define PACKAGE_VERSION "27~6-g512af135"
| #define PACKAGE_STRING "ngIRCd 27~6-g512af135"
| #define PACKAGE_BUGREPORT "ngircd@lists.barton.de"
| #define PACKAGE_URL "https://ngircd.barton.de/"
| #define PACKAGE "ngircd"
| #define VERSION "27~6-g512af135"
| #define PROTOTYPES 1
| #define __PROTOTYPES 1
| #define ENABLE_SSP_CC 1
| #define HAVE_STDIO_H 1
| #define HAVE_STDLIB_H 1
| #define HAVE_STRING_H 1
| #define HAVE_INTTYPES_H 1
| #define HAVE_STDINT_H 1
| #define HAVE_STRINGS_H 1
| #define HAVE_SYS_STAT_H 1
| #define HAVE_SYS_TYPES_H 1
| #define HAVE_UNISTD_H 1
| #define HAVE_SYS_TIME_H 1
| #define HAVE_ARPA_INET_H 1
| #define HAVE_MALLOC_H 1
| #define HAVE_NETINET_IN_SYSTM_H 1
| #define HAVE_NETINET_IP_H 1
| #define HAVE_STDBOOL_H 1
| #define HAVE_STDDEF_H 1
| #define HAVE_SYS_RESOURCE_H 1
| #define HAVE_SYS_UN_H 1
| #define STDC_HEADERS 1
| #define HAVE_SYS_WAIT_H 1
| #define TIME_WITH_SYS_TIME 1
| #define HAVE_FCNTL_H 1
| #define HAVE_NETDB_H 1
| #define HAVE_NETINET_IN_H 1
| #define HAVE_STDLIB_H 1
| #define HAVE_STRING_H 1
| #define HAVE_STRINGS_H 1
| #define HAVE_SYS_SOCKET_H 1
| #define HAVE_SYS_TIME_H 1
| #define HAVE_SYS_TYPES_H 1
| #define HAVE_UNISTD_H 1
| #define HAVE_socklen_t 1
| /* end confdefs.h.  */
| #include <stddef.h>
| #ifdef HAVE_STDIO_H
| # include <stdio.h>
| #endif
| #ifdef HAVE_STDLIB_H
| # include <stdlib.h>
| #endif
| #ifdef HAVE_STRING_H
| # include <string.h>
| #endif
| #ifdef HAVE_INTTYPES_H
| # include <inttypes.h>
| #endif
| #ifdef HAVE_STDINT_H
| # include <stdint.h>
| #endif
| #ifdef HAVE_STRINGS_H
| # include <strings.h>
| #endif
| #ifdef HAVE_SYS_TYPES_H
| # include <sys/types.h>
| #endif
| #ifdef HAVE_SYS_STAT_H
| # include <sys/stat.h>
| #endif
| #ifdef HAVE_UNISTD_H
| # include <unistd.h>
| #endif
| int
| main (void)
| {
| if (sizeof ((uid_t)))
| 	    return 0;
|   ;
|   return 0;
| }
configure:5949: result: yes
configure:5960: checking for gid_t
configure:5960: gcc -c -g -O2 -pipe -W -Wall -Wpointer-arith -Wstrict-prototypes -fstack-protector -Wno-format-truncation -DSYSCONFDIR='"$(sysconfdir)"' -DDOCDIR='"$(docdir)"'  conftest.c >&5
configure:5960: $? = 0
configure:5960: gcc -c -g -O2 -pipe -W -Wall -Wpointer-arith -Wstrict-prototypes -fstack-protector -Wno-format-truncation -DSYSCONFDIR='"$(sysconfdir)"' -DDOCDIR='"$(docdir)"'  conftest.c >&5
conftest.c: In function 'main':
conftest.c:77:20: error: expected expression before ')' token
   77 | if (sizeof ((gid_t)))
      |                    ^
configure:5960: $? = 1
configure: failed program was:
| /* confdefs.h */
| #define PACKAGE_NAME "ngIRCd"
| #define PACKAGE_TARNAME "ngircd"
| #define PACKAGE_VERSION "27~6-g512af135"
| #define PACKAGE_STRING "ngIRCd 27~6-g512af135"
| #define PACKAGE_BUGREPORT "ngircd@lists.barton.de"
| #define PACKAGE_URL "https://ngircd.barton.de/"
| #define PACKAGE "ngircd"
| #define VERSION "27~6-g512af135"
| #define PROTOTYPES 1
| #define __PROTOTYPES 1
| #define ENABLE_SSP_CC 1
| #define HAVE_STDIO_H 1
| #define HAVE_STDLIB_H 1
| #define HAVE_STRING_H 1
| #define HAVE_INTTYPES_H 1
| #define HAVE_STDINT_H 1
| #define HAVE_STRINGS_H 1
| #define HAVE_SYS_STAT_H 1
| #define HAVE_SYS_TYPES_H 1
| #define HAVE_UNISTD_H 1
| #define HAVE_SYS_TIME_H 1
| #define HAVE_ARPA_INET_H 1
| #define HAVE_MALLOC_H 1
| #define HAVE_NETINET_IN_SYSTM_H 1
| #define HAVE_NETINET_IP_H 1
| #define HAVE_STDBOOL_H 1
| #define HAVE_STDDEF_H 1
| #define HAVE_SYS_RESOURCE_H 1
| #define HAVE_SYS_UN_H 1
| #define STDC_HEADERS 1
| #define HAVE_SYS_WAIT_H 1
| #define TIME_WITH_SYS_TIME 1
| #define HAVE_FCNTL_H 1
| #define HAVE_NETDB_H 1
| #define HAVE_NETINET_IN_H 1
| #define HAVE_STDLIB_H 1
| #define HAVE_STRING_H 1
| #define HAVE_STRINGS_H 1
| #define HAVE_SYS_SOCKET_H 1
| #define HAVE_SYS_TIME_H 1
| #define HAVE_SYS_TYPES_H 1
| #define HAVE_UNISTD_H 1
| #define HAVE_socklen_t 1
| /* end confdefs.h.  */
| #include <stddef.h>
| #ifdef HAVE_STDIO_H
| # include <stdio.h>
| #endif
| #ifdef HAVE_STDLIB_H
| # include <stdlib.h>
| #endif
| #ifdef HAVE_STRING_H
| # include <string.h>
| #endif
| #ifdef HAVE_INTTYPES_H
| # include <inttypes.h>
| #endif
| #ifdef HAVE_STDINT_H
| # include <stdint.h>
| #endif
| #ifdef HAVE_STRINGS_H
| # include <strings.h>
| #endif
| #ifdef HAVE_SYS_TYPES_H
| # include <sys/types.h>
| #endif
| #ifdef HAVE_SYS_STAT_H
| # include <sys/stat.h>
| #endif
| #ifdef HAVE_UNISTD_H
| # include <unistd.h>
| #endif
| int
| main (void)
| {
| if (sizeof ((gid_t)))
| 	    return 0;
|   ;
|   return 0;
| }
configure:5960: result: yes
configure:5971: checking for uint16_t
configure:5971: gcc -c -g -O2 -pipe -W -Wall -Wpointer-arith -Wstrict-prototypes -fstack-protector -Wno-format-truncation -DSYSCONFDIR='"$(sysconfdir)"' -DDOCDIR='"$(docdir)"'  conftest.c >&5
configure:5971: $? = 0
configure:5971: result: yes
configure:5981: checking for uint32_t
configure:5981: gcc -c -g -O2 -pipe -W -Wall -Wpointer-arith -Wstrict-prototypes -fstack-protector -Wno-format-truncation -DSYSCONFDIR='"$(sysconfdir)"' -DDOCDIR='"$(docdir)"'  conftest.c >&5
configure:5981: $? = 0
configure:5981: result: yes
configure:5993: checking for uint8_t
configure:5993: gcc -c -g -O2 -pipe -W -Wall -Wpointer-arith -Wstrict-prototypes -fstack-protector -Wno-format-truncation -DSYSCONFDIR='"$(sysconfdir)"' -DDOCDIR='"$(docdir)"'  conftest.c >&5
configure:5993: $? = 0
configure:5993: result: yes
configure:6006: checking for struct sockaddr_in.sin_len
configure:6006: gcc -c -g -O2 -pipe -W -Wall -Wpointer-arith -Wstrict-prototypes -fstack-protector -Wno-format-truncation -DSYSCONFDIR='"$(sysconfdir)"' -DDOCDIR='"$(docdir)"'  conftest.c >&5
conftest.c: In function 'main':
conftest.c:52:12: error: 'struct sockaddr_in' has no member named 'sin_len'
   52 | if (ac_aggr.sin_len)
      |            ^
conftest.c:51:27: warning: variable 'ac_aggr' set but not used [-Wunused-but-set-variable]
   51 | static struct sockaddr_in ac_aggr;
      |                           ^~~~~~~
configure:6006: $? = 1
configure: failed program was:
| /* confdefs.h */
| #define PACKAGE_NAME "ngIRCd"
| #define PACKAGE_TARNAME "ngircd"
| #define PACKAGE_VERSION "27~6-g512af135"
| #define PACKAGE_STRING "ngIRCd 27~6-g512af135"
| #define PACKAGE_BUGREPORT "ngircd@lists.barton.de"
| #define PACKAGE_URL "https://ngircd.barton.de/"
| #define PACKAGE "ngircd"
| #define VERSION "27~6-g512af135"
| #define PROTOTYPES 1
| #define __PROTOTYPES 1
| #define ENABLE_SSP_CC 1
| #define HAVE_STDIO_H 1
| #define HAVE_STDLIB_H 1
| #define HAVE_STRING_H 1
| #define HAVE_INTTYPES_H 1
| #define HAVE_STDINT_H 1
| #define HAVE_STRINGS_H 1
| #define HAVE_SYS_STAT_H 1
| #define HAVE_SYS_TYPES_H 1
| #define HAVE_UNISTD_H 1
| #define HAVE_SYS_TIME_H 1
| #define HAVE_ARPA_INET_H 1
| #define HAVE_MALLOC_H 1
| #define HAVE_NETINET_IN_SYSTM_H 1
| #define HAVE_NETINET_IP_H 1
| #define HAVE_STDBOOL_H 1
| #define HAVE_STDDEF_H 1
| #define HAVE_SYS_RESOURCE_H 1
| #define HAVE_SYS_UN_H 1
| #define STDC_HEADERS 1
| #define HAVE_SYS_WAIT_H 1
| #define TIME_WITH_SYS_TIME 1
| #define HAVE_FCNTL_H 1
| #define HAVE_NETDB_H 1
| #define HAVE_NETINET_IN_H 1
| #define HAVE_STDLIB_H 1
| #define HAVE_STRING_H 1
| #define HAVE_STRINGS_H 1
| #define HAVE_SYS_SOCKET_H 1
| #define HAVE_SYS_TIME_H 1
| #define HAVE_SYS_TYPES_H 1
| #define HAVE_UNISTD_H 1
| #define HAVE_socklen_t 1
| /* end confdefs.h.  */
| #include <arpa/inet.h>
| 
| int
| main (void)
| {
| static struct sockaddr_in ac_aggr;
| if (ac_aggr.sin_len)
| return 0;
|   ;
|   return 0;
| }
configure:6006: gcc -c -g -O2 -pipe -W -Wall -Wpointer-arith -Wstrict-prototypes -fstack-protector -Wno-format-truncation -DSYSCONFDIR='"$(sysconfdir)"' -DDOCDIR='"$(docdir)"'  conftest.c >&5
conftest.c: In function 'main':
conftest.c:52:19: error: 'struct sockaddr_in' has no member named 'sin_len'
   52 | if (sizeof ac_aggr.sin_len)
      |                   ^
conftest.c:51:27: warning: variable 'ac_aggr' set but not used [-Wunused-but-set-variable]
   51 | static struct sockaddr_in ac_aggr;
      |                           ^~~~~~~
configure:6006: $? = 1
configure: failed program was:
| /* confdefs.h */
| #define PACKAGE_NAME "ngIRCd"
| #define PACKAGE_TARNAME "ngircd"
| #define PACKAGE_VERSION "27~6-g512af135"
| #define PACKAGE_STRING "ngIRCd 27~6-g512af135"
| #define PACKAGE_BUGREPORT "ngircd@lists.barton.de"
| #define PACKAGE_URL "https://ngircd.barton.de/"
| #define PACKAGE "ngircd"
| #define VERSION "27~6-g512af135"
| #define PROTOTYPES 1
| #define __PROTOTYPES 1
| #define ENABLE_SSP_CC 1
| #define HAVE_STDIO_H 1
| #define HAVE_STDLIB_H 1
| #define HAVE_STRING_H 1
| #define HAVE_INTTYPES_H 1
| #define HAVE_STDINT_H 1
| #define HAVE_STRINGS_H 1
| #define HAVE_SYS_STAT_H 1
| #define HAVE_SYS_TYPES_H 1
| #define HAVE_UNISTD_H 1
| #define HAVE_SYS_TIME_H 1
| #define HAVE_ARPA_INET_H 1
| #define HAVE_MALLOC_H 1
| #define HAVE_NETINET_IN_SYSTM_H 1
| #define HAVE_NETINET_IP_H 1
| #define HAVE_STDBOOL_H 1
| #define HAVE_STDDEF_H 1
| #define HAVE_SYS_RESOURCE_H 1
| #define HAVE_SYS_UN_H 1
| #define STDC_HEADERS 1
| #define HAVE_SYS_WAIT_H 1
| #define TIME_WITH_SYS_TIME 1
| #define HAVE_FCNTL_H 1
| #define HAVE_NETDB_H 1
| #define HAVE_NETINET_IN_H 1
| #define HAVE_STDLIB_H 1
| #define HAVE_STRING_H 1
| #define HAVE_STRINGS_H 1
| #define HAVE_SYS_SOCKET_H 1
| #define HAVE_SYS_TIME_H 1
| #define HAVE_SYS_TYPES_H 1
| #define HAVE_UNISTD_H 1
| #define HAVE_socklen_t 1
| /* end confdefs.h.  */
| #include <arpa/inet.h>
| 
| int
| main (void)
| {
| static struct sockaddr_in ac_aggr;
| if (sizeof ac_aggr.sin_len)
| return 0;
|   ;
|   return 0;
| }
configure:6006: result: no
configure:6018: checking for library containing memmove
configure:6054: gcc -o conftest -g -O2 -pipe -W -Wall -Wpointer-arith -Wstrict-prototypes -fstack-protector -Wno-format-truncation -DSYSCONFDIR='"$(sysconfdir)"' -DDOCDIR='"$(docdir)"'   conftest.c  >&5
conftest.c:56:6: warning: conflicting types for built-in function 'memmove'; expected 'void *(void *, const void *, long unsigned int)' [-Wbuiltin-declaration-mismatch]
   56 | char memmove (void);
      |      ^~~~~~~
conftest.c:1:1: note: 'memmove' is declared in header '<string.h>'
    1 | /* confdefs.h */
configure:6054: $? = 0
configure:6076: result: none required
configure:6091: checking for library containing gethostbyname
configure:6127: gcc -o conftest -g -O2 -pipe -W -Wall -Wpointer-arith -Wstrict-prototypes -fstack-protector -Wno-format-truncation -DSYSCONFDIR='"$(sysconfdir)"' -DDOCDIR='"$(docdir)"'   conftest.c  >&5
configure:6127: $? = 0
configure:6149: result: none required
configure:6164: checking for library containing bind
configure:6200: gcc -o conftest -g -O2 -pipe -W -Wall -Wpointer-arith -Wstrict-prototypes -fstack-protector -Wno-format-truncation -DSYSCONFDIR='"$(sysconfdir)"' -DDOCDIR='"$(docdir)"'   conftest.c  >&5
configure:6200: $? = 0
configure:6222: result: none required
configure:6244: checking for fork
configure:6244: gcc -o conftest -g -O2 -pipe -W -Wall -Wpointer-arith -Wstrict-prototypes -fstack-protector -Wno-format-truncation -DSYSCONFDIR='"$(sysconfdir)"' -DDOCDIR='"$(docdir)"'   conftest.c  >&5
conftest.c:62:6: warning: conflicting types for built-in function 'fork'; expected 'int(void)' [-Wbuiltin-declaration-mismatch]
   62 | char fork (void);
      |      ^~~~
configure:6244: $? = 0
configure:6244: result: yes
configure:6244: checking for vfork
configure:6244: gcc -o conftest -g -O2 -pipe -W -Wall -Wpointer-arith -Wstrict-prototypes -fstack-protector -Wno-format-truncation -DSYSCONFDIR='"$(sysconfdir)"' -DDOCDIR='"$(docdir)"'   conftest.c  >&5
configure:6244: $? = 0
configure:6244: result: yes
configure:6244: checking for arc4random
configure:6244: gcc -o conftest -g -O2 -pipe -W -Wall -Wpointer-arith -Wstrict-prototypes -fstack-protector -Wno-format-truncation -DSYSCONFDIR='"$(sysconfdir)"' -DDOCDIR='"$(docdir)"'   conftest.c  >&5
/usr/bin/ld: /tmp/ccb5m6kD.o: in function `main':
/home/sguzman/ft_irc/conftest.c:75: undefined reference to `arc4random'
collect2: error: ld returned 1 exit status
configure:6244: $? = 1
configure: failed program was:
| /* confdefs.h */
| #define PACKAGE_NAME "ngIRCd"
| #define PACKAGE_TARNAME "ngircd"
| #define PACKAGE_VERSION "27~6-g512af135"
| #define PACKAGE_STRING "ngIRCd 27~6-g512af135"
| #define PACKAGE_BUGREPORT "ngircd@lists.barton.de"
| #define PACKAGE_URL "https://ngircd.barton.de/"
| #define PACKAGE "ngircd"
| #define VERSION "27~6-g512af135"
| #define PROTOTYPES 1
| #define __PROTOTYPES 1
| #define ENABLE_SSP_CC 1
| #define HAVE_STDIO_H 1
| #define HAVE_STDLIB_H 1
| #define HAVE_STRING_H 1
| #define HAVE_INTTYPES_H 1
| #define HAVE_STDINT_H 1
| #define HAVE_STRINGS_H 1
| #define HAVE_SYS_STAT_H 1
| #define HAVE_SYS_TYPES_H 1
| #define HAVE_UNISTD_H 1
| #define HAVE_SYS_TIME_H 1
| #define HAVE_ARPA_INET_H 1
| #define HAVE_MALLOC_H 1
| #define HAVE_NETINET_IN_SYSTM_H 1
| #define HAVE_NETINET_IP_H 1
| #define HAVE_STDBOOL_H 1
| #define HAVE_STDDEF_H 1
| #define HAVE_SYS_RESOURCE_H 1
| #define HAVE_SYS_UN_H 1
| #define STDC_HEADERS 1
| #define HAVE_SYS_WAIT_H 1
| #define TIME_WITH_SYS_TIME 1
| #define HAVE_FCNTL_H 1
| #define HAVE_NETDB_H 1
| #define HAVE_NETINET_IN_H 1
| #define HAVE_STDLIB_H 1
| #define HAVE_STRING_H 1
| #define HAVE_STRINGS_H 1
| #define HAVE_SYS_SOCKET_H 1
| #define HAVE_SYS_TIME_H 1
| #define HAVE_SYS_TYPES_H 1
| #define HAVE_UNISTD_H 1
| #define HAVE_socklen_t 1
| #define HAVE_FORK 1
| #define HAVE_VFORK 1
| /* end confdefs.h.  */
| /* Define arc4random to an innocuous variant, in case <limits.h> declares arc4random.
|    For example, HP-UX 11i <limits.h> declares gettimeofday.  */
| #define arc4random innocuous_arc4random
| 
| /* System header to define __stub macros and hopefully few prototypes,
|    which can conflict with char arc4random (void); below.  */
| 
| #include <limits.h>
| #undef arc4random
| 
| /* Override any GCC internal prototype to avoid an error.
|    Use char because int might match the return type of a GCC
|    builtin and then its argument prototype would still apply.  */
| #ifdef __cplusplus
| extern "C"
| #endif
| char arc4random (void);
| /* The GNU C library defines this for functions which it implements
|     to always fail with ENOSYS.  Some functions are actually named
|     something starting with __ and the normal name is an alias.  */
| #if defined __stub_arc4random || defined __stub___arc4random
| choke me
| #endif
| 
| int
| main (void)
| {
| return arc4random ();
|   ;
|   return 0;
| }
configure:6244: result: no
configure:6244: checking for arc4random_stir
configure:6244: gcc -o conftest -g -O2 -pipe -W -Wall -Wpointer-arith -Wstrict-prototypes -fstack-protector -Wno-format-truncation -DSYSCONFDIR='"$(sysconfdir)"' -DDOCDIR='"$(docdir)"'   conftest.c  >&5
/usr/bin/ld: /tmp/ccOzxmCW.o: in function `main':
/home/sguzman/ft_irc/conftest.c:75: undefined reference to `arc4random_stir'
collect2: error: ld returned 1 exit status
configure:6244: $? = 1
configure: failed program was:
| /* confdefs.h */
| #define PACKAGE_NAME "ngIRCd"
| #define PACKAGE_TARNAME "ngircd"
| #define PACKAGE_VERSION "27~6-g512af135"
| #define PACKAGE_STRING "ngIRCd 27~6-g512af135"
| #define PACKAGE_BUGREPORT "ngircd@lists.barton.de"
| #define PACKAGE_URL "https://ngircd.barton.de/"
| #define PACKAGE "ngircd"
| #define VERSION "27~6-g512af135"
| #define PROTOTYPES 1
| #define __PROTOTYPES 1
| #define ENABLE_SSP_CC 1
| #define HAVE_STDIO_H 1
| #define HAVE_STDLIB_H 1
| #define HAVE_STRING_H 1
| #define HAVE_INTTYPES_H 1
| #define HAVE_STDINT_H 1
| #define HAVE_STRINGS_H 1
| #define HAVE_SYS_STAT_H 1
| #define HAVE_SYS_TYPES_H 1
| #define HAVE_UNISTD_H 1
| #define HAVE_SYS_TIME_H 1
| #define HAVE_ARPA_INET_H 1
| #define HAVE_MALLOC_H 1
| #define HAVE_NETINET_IN_SYSTM_H 1
| #define HAVE_NETINET_IP_H 1
| #define HAVE_STDBOOL_H 1
| #define HAVE_STDDEF_H 1
| #define HAVE_SYS_RESOURCE_H 1
| #define HAVE_SYS_UN_H 1
| #define STDC_HEADERS 1
| #define HAVE_SYS_WAIT_H 1
| #define TIME_WITH_SYS_TIME 1
| #define HAVE_FCNTL_H 1
| #define HAVE_NETDB_H 1
| #define HAVE_NETINET_IN_H 1
| #define HAVE_STDLIB_H 1
| #define HAVE_STRING_H 1
| #define HAVE_STRINGS_H 1
| #define HAVE_SYS_SOCKET_H 1
| #define HAVE_SYS_TIME_H 1
| #define HAVE_SYS_TYPES_H 1
| #define HAVE_UNISTD_H 1
| #define HAVE_socklen_t 1
| #define HAVE_FORK 1
| #define HAVE_VFORK 1
| /* end confdefs.h.  */
| /* Define arc4random_stir to an innocuous variant, in case <limits.h> declares arc4random_stir.
|    For example, HP-UX 11i <limits.h> declares gettimeofday.  */
| #define arc4random_stir innocuous_arc4random_stir
| 
| /* System header to define __stub macros and hopefully few prototypes,
|    which can conflict with char arc4random_stir (void); below.  */
| 
| #include <limits.h>
| #undef arc4random_stir
| 
| /* Override any GCC internal prototype to avoid an error.
|    Use char because int might match the return type of a GCC
|    builtin and then its argument prototype would still apply.  */
| #ifdef __cplusplus
| extern "C"
| #endif
| char arc4random_stir (void);
| /* The GNU C library defines this for functions which it implements
|     to always fail with ENOSYS.  Some functions are actually named
|     something starting with __ and the normal name is an alias.  */
| #if defined __stub_arc4random_stir || defined __stub___arc4random_stir
| choke me
| #endif
| 
| int
| main (void)
| {
| return arc4random_stir ();
|   ;
|   return 0;
| }
configure:6244: result: no
configure:6244: checking for gai_strerror
configure:6244: gcc -o conftest -g -O2 -pipe -W -Wall -Wpointer-arith -Wstrict-prototypes -fstack-protector -Wno-format-truncation -DSYSCONFDIR='"$(sysconfdir)"' -DDOCDIR='"$(docdir)"'   conftest.c  >&5
configure:6244: $? = 0
configure:6244: result: yes
configure:6244: checking for getnameinfo
configure:6244: gcc -o conftest -g -O2 -pipe -W -Wall -Wpointer-arith -Wstrict-prototypes -fstack-protector -Wno-format-truncation -DSYSCONFDIR='"$(sysconfdir)"' -DDOCDIR='"$(docdir)"'   conftest.c  >&5
configure:6244: $? = 0
configure:6244: result: yes
configure:6244: checking for inet_aton
configure:6244: gcc -o conftest -g -O2 -pipe -W -Wall -Wpointer-arith -Wstrict-prototypes -fstack-protector -Wno-format-truncation -DSYSCONFDIR='"$(sysconfdir)"' -DDOCDIR='"$(docdir)"'   conftest.c  >&5
configure:6244: $? = 0
configure:6244: result: yes
configure:6244: checking for setgroups
configure:6244: gcc -o conftest -g -O2 -pipe -W -Wall -Wpointer-arith -Wstrict-prototypes -fstack-protector -Wno-format-truncation -DSYSCONFDIR='"$(sysconfdir)"' -DDOCDIR='"$(docdir)"'   conftest.c  >&5
configure:6244: $? = 0
configure:6244: result: yes
configure:6244: checking for setrlimit
configure:6244: gcc -o conftest -g -O2 -pipe -W -Wall -Wpointer-arith -Wstrict-prototypes -fstack-protector -Wno-format-truncation -DSYSCONFDIR='"$(sysconfdir)"' -DDOCDIR='"$(docdir)"'   conftest.c  >&5
configure:6244: $? = 0
configure:6244: result: yes
configure:6244: checking for sigaction
configure:6244: gcc -o conftest -g -O2 -pipe -W -Wall -Wpointer-arith -Wstrict-prototypes -fstack-protector -Wno-format-truncation -DSYSCONFDIR='"$(sysconfdir)"' -DDOCDIR='"$(docdir)"'   conftest.c  >&5
configure:6244: $? = 0
configure:6244: result: yes
configure:6244: checking for sigprocmask
configure:6244: gcc -o conftest -g -O2 -pipe -W -Wall -Wpointer-arith -Wstrict-prototypes -fstack-protector -Wno-format-truncation -DSYSCONFDIR='"$(sysconfdir)"' -DDOCDIR='"$(docdir)"'   conftest.c  >&5
configure:6244: $? = 0
configure:6244: result: yes
configure:6244: checking for snprintf
configure:6244: gcc -o conftest -g -O2 -pipe -W -Wall -Wpointer-arith -Wstrict-prototypes -fstack-protector -Wno-format-truncation -DSYSCONFDIR='"$(sysconfdir)"' -DDOCDIR='"$(docdir)"'   conftest.c  >&5
conftest.c:71:6: warning: conflicting types for built-in function 'snprintf'; expected 'int(char *, long unsigned int,  const char *, ...)' [-Wbuiltin-declaration-mismatch]
   71 | char snprintf (void);
      |      ^~~~~~~~
conftest.c:63:1: note: 'snprintf' is declared in header '<stdio.h>'
   62 | #include <limits.h>
   63 | #undef snprintf
configure:6244: $? = 0
configure:6244: result: yes
configure:6244: checking for strdup
configure:6244: gcc -o conftest -g -O2 -pipe -W -Wall -Wpointer-arith -Wstrict-prototypes -fstack-protector -Wno-format-truncation -DSYSCONFDIR='"$(sysconfdir)"' -DDOCDIR='"$(docdir)"'   conftest.c  >&5
conftest.c:72:6: warning: conflicting types for built-in function 'strdup'; expected 'char *(const char *)' [-Wbuiltin-declaration-mismatch]
   72 | char strdup (void);
      |      ^~~~~~
configure:6244: $? = 0
configure:6244: result: yes
configure:6244: checking for strlcat
configure:6244: gcc -o conftest -g -O2 -pipe -W -Wall -Wpointer-arith -Wstrict-prototypes -fstack-protector -Wno-format-truncation -DSYSCONFDIR='"$(sysconfdir)"' -DDOCDIR='"$(docdir)"'   conftest.c  >&5
/usr/bin/ld: /tmp/ccGFXC8n.o: in function `main':
/home/sguzman/ft_irc/conftest.c:84: undefined reference to `strlcat'
collect2: error: ld returned 1 exit status
configure:6244: $? = 1
configure: failed program was:
| /* confdefs.h */
| #define PACKAGE_NAME "ngIRCd"
| #define PACKAGE_TARNAME "ngircd"
| #define PACKAGE_VERSION "27~6-g512af135"
| #define PACKAGE_STRING "ngIRCd 27~6-g512af135"
| #define PACKAGE_BUGREPORT "ngircd@lists.barton.de"
| #define PACKAGE_URL "https://ngircd.barton.de/"
| #define PACKAGE "ngircd"
| #define VERSION "27~6-g512af135"
| #define PROTOTYPES 1
| #define __PROTOTYPES 1
| #define ENABLE_SSP_CC 1
| #define HAVE_STDIO_H 1
| #define HAVE_STDLIB_H 1
| #define HAVE_STRING_H 1
| #define HAVE_INTTYPES_H 1
| #define HAVE_STDINT_H 1
| #define HAVE_STRINGS_H 1
| #define HAVE_SYS_STAT_H 1
| #define HAVE_SYS_TYPES_H 1
| #define HAVE_UNISTD_H 1
| #define HAVE_SYS_TIME_H 1
| #define HAVE_ARPA_INET_H 1
| #define HAVE_MALLOC_H 1
| #define HAVE_NETINET_IN_SYSTM_H 1
| #define HAVE_NETINET_IP_H 1
| #define HAVE_STDBOOL_H 1
| #define HAVE_STDDEF_H 1
| #define HAVE_SYS_RESOURCE_H 1
| #define HAVE_SYS_UN_H 1
| #define STDC_HEADERS 1
| #define HAVE_SYS_WAIT_H 1
| #define TIME_WITH_SYS_TIME 1
| #define HAVE_FCNTL_H 1
| #define HAVE_NETDB_H 1
| #define HAVE_NETINET_IN_H 1
| #define HAVE_STDLIB_H 1
| #define HAVE_STRING_H 1
| #define HAVE_STRINGS_H 1
| #define HAVE_SYS_SOCKET_H 1
| #define HAVE_SYS_TIME_H 1
| #define HAVE_SYS_TYPES_H 1
| #define HAVE_UNISTD_H 1
| #define HAVE_socklen_t 1
| #define HAVE_FORK 1
| #define HAVE_VFORK 1
| #define HAVE_GAI_STRERROR 1
| #define HAVE_GETNAMEINFO 1
| #define HAVE_INET_ATON 1
| #define HAVE_SETGROUPS 1
| #define HAVE_SETRLIMIT 1
| #define HAVE_SIGACTION 1
| #define HAVE_SIGPROCMASK 1
| #define HAVE_SNPRINTF 1
| #define HAVE_STRDUP 1
| /* end confdefs.h.  */
| /* Define strlcat to an innocuous variant, in case <limits.h> declares strlcat.
|    For example, HP-UX 11i <limits.h> declares gettimeofday.  */
| #define strlcat innocuous_strlcat
| 
| /* System header to define __stub macros and hopefully few prototypes,
|    which can conflict with char strlcat (void); below.  */
| 
| #include <limits.h>
| #undef strlcat
| 
| /* Override any GCC internal prototype to avoid an error.
|    Use char because int might match the return type of a GCC
|    builtin and then its argument prototype would still apply.  */
| #ifdef __cplusplus
| extern "C"
| #endif
| char strlcat (void);
| /* The GNU C library defines this for functions which it implements
|     to always fail with ENOSYS.  Some functions are actually named
|     something starting with __ and the normal name is an alias.  */
| #if defined __stub_strlcat || defined __stub___strlcat
| choke me
| #endif
| 
| int
| main (void)
| {
| return strlcat ();
|   ;
|   return 0;
| }
configure:6244: result: no
configure:6244: checking for strlcpy
configure:6244: gcc -o conftest -g -O2 -pipe -W -Wall -Wpointer-arith -Wstrict-prototypes -fstack-protector -Wno-format-truncation -DSYSCONFDIR='"$(sysconfdir)"' -DDOCDIR='"$(docdir)"'   conftest.c  >&5
/usr/bin/ld: /tmp/ccAzktYp.o: in function `main':
/home/sguzman/ft_irc/conftest.c:84: undefined reference to `strlcpy'
collect2: error: ld returned 1 exit status
configure:6244: $? = 1
configure: failed program was:
| /* confdefs.h */
| #define PACKAGE_NAME "ngIRCd"
| #define PACKAGE_TARNAME "ngircd"
| #define PACKAGE_VERSION "27~6-g512af135"
| #define PACKAGE_STRING "ngIRCd 27~6-g512af135"
| #define PACKAGE_BUGREPORT "ngircd@lists.barton.de"
| #define PACKAGE_URL "https://ngircd.barton.de/"
| #define PACKAGE "ngircd"
| #define VERSION "27~6-g512af135"
| #define PROTOTYPES 1
| #define __PROTOTYPES 1
| #define ENABLE_SSP_CC 1
| #define HAVE_STDIO_H 1
| #define HAVE_STDLIB_H 1
| #define HAVE_STRING_H 1
| #define HAVE_INTTYPES_H 1
| #define HAVE_STDINT_H 1
| #define HAVE_STRINGS_H 1
| #define HAVE_SYS_STAT_H 1
| #define HAVE_SYS_TYPES_H 1
| #define HAVE_UNISTD_H 1
| #define HAVE_SYS_TIME_H 1
| #define HAVE_ARPA_INET_H 1
| #define HAVE_MALLOC_H 1
| #define HAVE_NETINET_IN_SYSTM_H 1
| #define HAVE_NETINET_IP_H 1
| #define HAVE_STDBOOL_H 1
| #define HAVE_STDDEF_H 1
| #define HAVE_SYS_RESOURCE_H 1
| #define HAVE_SYS_UN_H 1
| #define STDC_HEADERS 1
| #define HAVE_SYS_WAIT_H 1
| #define TIME_WITH_SYS_TIME 1
| #define HAVE_FCNTL_H 1
| #define HAVE_NETDB_H 1
| #define HAVE_NETINET_IN_H 1
| #define HAVE_STDLIB_H 1
| #define HAVE_STRING_H 1
| #define HAVE_STRINGS_H 1
| #define HAVE_SYS_SOCKET_H 1
| #define HAVE_SYS_TIME_H 1
| #define HAVE_SYS_TYPES_H 1
| #define HAVE_UNISTD_H 1
| #define HAVE_socklen_t 1
| #define HAVE_FORK 1
| #define HAVE_VFORK 1
| #define HAVE_GAI_STRERROR 1
| #define HAVE_GETNAMEINFO 1
| #define HAVE_INET_ATON 1
| #define HAVE_SETGROUPS 1
| #define HAVE_SETRLIMIT 1
| #define HAVE_SIGACTION 1
| #define HAVE_SIGPROCMASK 1
| #define HAVE_SNPRINTF 1
| #define HAVE_STRDUP 1
| /* end confdefs.h.  */
| /* Define strlcpy to an innocuous variant, in case <limits.h> declares strlcpy.
|    For example, HP-UX 11i <limits.h> declares gettimeofday.  */
| #define strlcpy innocuous_strlcpy
| 
| /* System header to define __stub macros and hopefully few prototypes,
|    which can conflict with char strlcpy (void); below.  */
| 
| #include <limits.h>
| #undef strlcpy
| 
| /* Override any GCC internal prototype to avoid an error.
|    Use char because int might match the return type of a GCC
|    builtin and then its argument prototype would still apply.  */
| #ifdef __cplusplus
| extern "C"
| #endif
| char strlcpy (void);
| /* The GNU C library defines this for functions which it implements
|     to always fail with ENOSYS.  Some functions are actually named
|     something starting with __ and the normal name is an alias.  */
| #if defined __stub_strlcpy || defined __stub___strlcpy
| choke me
| #endif
| 
| int
| main (void)
| {
| return strlcpy ();
|   ;
|   return 0;
| }
configure:6244: result: no
configure:6244: checking for strndup
configure:6244: gcc -o conftest -g -O2 -pipe -W -Wall -Wpointer-arith -Wstrict-prototypes -fstack-protector -Wno-format-truncation -DSYSCONFDIR='"$(sysconfdir)"' -DDOCDIR='"$(docdir)"'   conftest.c  >&5
conftest.c:73:6: warning: conflicting types for built-in function 'strndup'; expected 'char *(const char *, long unsigned int)' [-Wbuiltin-declaration-mismatch]
   73 | char strndup (void);
      |      ^~~~~~~
configure:6244: $? = 0
configure:6244: result: yes
configure:6244: checking for strsignal
configure:6244: gcc -o conftest -g -O2 -pipe -W -Wall -Wpointer-arith -Wstrict-prototypes -fstack-protector -Wno-format-truncation -DSYSCONFDIR='"$(sysconfdir)"' -DDOCDIR='"$(docdir)"'   conftest.c  >&5
configure:6244: $? = 0
configure:6244: result: yes
configure:6244: checking for strtok_r
configure:6244: gcc -o conftest -g -O2 -pipe -W -Wall -Wpointer-arith -Wstrict-prototypes -fstack-protector -Wno-format-truncation -DSYSCONFDIR='"$(sysconfdir)"' -DDOCDIR='"$(docdir)"'   conftest.c  >&5
configure:6244: $? = 0
configure:6244: result: yes
configure:6244: checking for unsetenv
configure:6244: gcc -o conftest -g -O2 -pipe -W -Wall -Wpointer-arith -Wstrict-prototypes -fstack-protector -Wno-format-truncation -DSYSCONFDIR='"$(sysconfdir)"' -DDOCDIR='"$(docdir)"'   conftest.c  >&5
configure:6244: $? = 0
configure:6244: result: yes
configure:6244: checking for vsnprintf
configure:6244: gcc -o conftest -g -O2 -pipe -W -Wall -Wpointer-arith -Wstrict-prototypes -fstack-protector -Wno-format-truncation -DSYSCONFDIR='"$(sysconfdir)"' -DDOCDIR='"$(docdir)"'   conftest.c  >&5
conftest.c:77:6: warning: conflicting types for built-in function 'vsnprintf'; expected 'int(char *, long unsigned int,  const char *, __va_list_tag *)' [-Wbuiltin-declaration-mismatch]
   77 | char vsnprintf (void);
      |      ^~~~~~~~~
conftest.c:69:1: note: 'vsnprintf' is declared in header '<stdio.h>'
   68 | #include <limits.h>
   69 | #undef vsnprintf
configure:6244: $? = 0
configure:6244: result: yes
configure:6244: checking for waitpid
configure:6244: gcc -o conftest -g -O2 -pipe -W -Wall -Wpointer-arith -Wstrict-prototypes -fstack-protector -Wno-format-truncation -DSYSCONFDIR='"$(sysconfdir)"' -DDOCDIR='"$(docdir)"'   conftest.c  >&5
configure:6244: $? = 0
configure:6244: result: yes
configure:6257: checking for working fork
configure:6281: gcc -o conftest -g -O2 -pipe -W -Wall -Wpointer-arith -Wstrict-prototypes -fstack-protector -Wno-format-truncation -DSYSCONFDIR='"$(sysconfdir)"' -DDOCDIR='"$(docdir)"'   conftest.c  >&5
configure:6281: $? = 0
configure:6281: ./conftest
configure:6281: $? = 0
configure:6295: result: yes
configure:6316: checking for working vfork
configure:6448: result: yes
configure:6476: checking for strftime
configure:6476: gcc -o conftest -g -O2 -pipe -W -Wall -Wpointer-arith -Wstrict-prototypes -fstack-protector -Wno-format-truncation -DSYSCONFDIR='"$(sysconfdir)"' -DDOCDIR='"$(docdir)"'   conftest.c  >&5
conftest.c:81:6: warning: conflicting types for built-in function 'strftime'; expected 'long unsigned int(char *, long unsigned int,  const char *, const void *)' [-Wbuiltin-declaration-mismatch]
   81 | char strftime (void);
      |      ^~~~~~~~
conftest.c:73:1: note: 'strftime' is declared in header '<time.h>'
   72 | #include <limits.h>
   73 | #undef strftime
configure:6476: $? = 0
configure:6476: result: yes
configure:6543: checking for alarm
configure:6543: gcc -o conftest -g -O2 -pipe -W -Wall -Wpointer-arith -Wstrict-prototypes -fstack-protector -Wno-format-truncation -DSYSCONFDIR='"$(sysconfdir)"' -DDOCDIR='"$(docdir)"'   conftest.c  >&5
configure:6543: $? = 0
configure:6543: result: yes
configure:6543: checking for dup2
configure:6543: gcc -o conftest -g -O2 -pipe -W -Wall -Wpointer-arith -Wstrict-prototypes -fstack-protector -Wno-format-truncation -DSYSCONFDIR='"$(sysconfdir)"' -DDOCDIR='"$(docdir)"'   conftest.c  >&5
configure:6543: $? = 0
configure:6543: result: yes
configure:6543: checking for endpwent
configure:6543: gcc -o conftest -g -O2 -pipe -W -Wall -Wpointer-arith -Wstrict-prototypes -fstack-protector -Wno-format-truncation -DSYSCONFDIR='"$(sysconfdir)"' -DDOCDIR='"$(docdir)"'   conftest.c  >&5
configure:6543: $? = 0
configure:6543: result: yes
configure:6543: checking for gethostbyaddr
configure:6543: gcc -o conftest -g -O2 -pipe -W -Wall -Wpointer-arith -Wstrict-prototypes -fstack-protector -Wno-format-truncation -DSYSCONFDIR='"$(sysconfdir)"' -DDOCDIR='"$(docdir)"'   conftest.c  >&5
configure:6543: $? = 0
configure:6543: result: yes
configure:6543: checking for gethostbyname
configure:6543: gcc -o conftest -g -O2 -pipe -W -Wall -Wpointer-arith -Wstrict-prototypes -fstack-protector -Wno-format-truncation -DSYSCONFDIR='"$(sysconfdir)"' -DDOCDIR='"$(docdir)"'   conftest.c  >&5
configure:6543: $? = 0
configure:6543: result: yes
configure:6543: checking for gethostname
configure:6543: gcc -o conftest -g -O2 -pipe -W -Wall -Wpointer-arith -Wstrict-prototypes -fstack-protector -Wno-format-truncation -DSYSCONFDIR='"$(sysconfdir)"' -DDOCDIR='"$(docdir)"'   conftest.c  >&5
configure:6543: $? = 0
configure:6543: result: yes
configure:6543: checking for gettimeofday
configure:6543: gcc -o conftest -g -O2 -pipe -W -Wall -Wpointer-arith -Wstrict-prototypes -fstack-protector -Wno-format-truncation -DSYSCONFDIR='"$(sysconfdir)"' -DDOCDIR='"$(docdir)"'   conftest.c  >&5
configure:6543: $? = 0
configure:6543: result: yes
configure:6543: checking for inet_ntoa
configure:6543: gcc -o conftest -g -O2 -pipe -W -Wall -Wpointer-arith -Wstrict-prototypes -fstack-protector -Wno-format-truncation -DSYSCONFDIR='"$(sysconfdir)"' -DDOCDIR='"$(docdir)"'   conftest.c  >&5
configure:6543: $? = 0
configure:6543: result: yes
configure:6543: checking for memmove
configure:6543: gcc -o conftest -g -O2 -pipe -W -Wall -Wpointer-arith -Wstrict-prototypes -fstack-protector -Wno-format-truncation -DSYSCONFDIR='"$(sysconfdir)"' -DDOCDIR='"$(docdir)"'   conftest.c  >&5
conftest.c:90:6: warning: conflicting types for built-in function 'memmove'; expected 'void *(void *, const void *, long unsigned int)' [-Wbuiltin-declaration-mismatch]
   90 | char memmove (void);
      |      ^~~~~~~
conftest.c:82:1: note: 'memmove' is declared in header '<string.h>'
   81 | #include <limits.h>
   82 | #undef memmove
configure:6543: $? = 0
configure:6543: result: yes
configure:6543: checking for memset
configure:6543: gcc -o conftest -g -O2 -pipe -W -Wall -Wpointer-arith -Wstrict-prototypes -fstack-protector -Wno-format-truncation -DSYSCONFDIR='"$(sysconfdir)"' -DDOCDIR='"$(docdir)"'   conftest.c  >&5
conftest.c:91:6: warning: conflicting types for built-in function 'memset'; expected 'void *(void *, int,  long unsigned int)' [-Wbuiltin-declaration-mismatch]
   91 | char memset (void);
      |      ^~~~~~
conftest.c:83:1: note: 'memset' is declared in header '<string.h>'
   82 | #include <limits.h>
   83 | #undef memset
configure:6543: $? = 0
configure:6543: result: yes
configure:6543: checking for setsid
configure:6543: gcc -o conftest -g -O2 -pipe -W -Wall -Wpointer-arith -Wstrict-prototypes -fstack-protector -Wno-format-truncation -DSYSCONFDIR='"$(sysconfdir)"' -DDOCDIR='"$(docdir)"'   conftest.c  >&5
configure:6543: $? = 0
configure:6543: result: yes
configure:6543: checking for socket
configure:6543: gcc -o conftest -g -O2 -pipe -W -Wall -Wpointer-arith -Wstrict-prototypes -fstack-protector -Wno-format-truncation -DSYSCONFDIR='"$(sysconfdir)"' -DDOCDIR='"$(docdir)"'   conftest.c  >&5
configure:6543: $? = 0
configure:6543: result: yes
configure:6543: checking for strcasecmp
configure:6543: gcc -o conftest -g -O2 -pipe -W -Wall -Wpointer-arith -Wstrict-prototypes -fstack-protector -Wno-format-truncation -DSYSCONFDIR='"$(sysconfdir)"' -DDOCDIR='"$(docdir)"'   conftest.c  >&5
conftest.c:94:6: warning: conflicting types for built-in function 'strcasecmp'; expected 'int(const char *, const char *)' [-Wbuiltin-declaration-mismatch]
   94 | char strcasecmp (void);
      |      ^~~~~~~~~~
configure:6543: $? = 0
configure:6543: result: yes
configure:6543: checking for strchr
configure:6543: gcc -o conftest -g -O2 -pipe -W -Wall -Wpointer-arith -Wstrict-prototypes -fstack-protector -Wno-format-truncation -DSYSCONFDIR='"$(sysconfdir)"' -DDOCDIR='"$(docdir)"'   conftest.c  >&5
conftest.c:95:6: warning: conflicting types for built-in function 'strchr'; expected 'char *(const char *, int)' [-Wbuiltin-declaration-mismatch]
   95 | char strchr (void);
      |      ^~~~~~
conftest.c:87:1: note: 'strchr' is declared in header '<string.h>'
   86 | #include <limits.h>
   87 | #undef strchr
configure:6543: $? = 0
configure:6543: result: yes
configure:6543: checking for strcspn
configure:6543: gcc -o conftest -g -O2 -pipe -W -Wall -Wpointer-arith -Wstrict-prototypes -fstack-protector -Wno-format-truncation -DSYSCONFDIR='"$(sysconfdir)"' -DDOCDIR='"$(docdir)"'   conftest.c  >&5
conftest.c:96:6: warning: conflicting types for built-in function 'strcspn'; expected 'long unsigned int(const char *, const char *)' [-Wbuiltin-declaration-mismatch]
   96 | char strcspn (void);
      |      ^~~~~~~
conftest.c:88:1: note: 'strcspn' is declared in header '<string.h>'
   87 | #include <limits.h>
   88 | #undef strcspn
configure:6543: $? = 0
configure:6543: result: yes
configure:6543: checking for strerror
configure:6543: gcc -o conftest -g -O2 -pipe -W -Wall -Wpointer-arith -Wstrict-prototypes -fstack-protector -Wno-format-truncation -DSYSCONFDIR='"$(sysconfdir)"' -DDOCDIR='"$(docdir)"'   conftest.c  >&5
configure:6543: $? = 0
configure:6543: result: yes
configure:6543: checking for strncasecmp
configure:6543: gcc -o conftest -g -O2 -pipe -W -Wall -Wpointer-arith -Wstrict-prototypes -fstack-protector -Wno-format-truncation -DSYSCONFDIR='"$(sysconfdir)"' -DDOCDIR='"$(docdir)"'   conftest.c  >&5
conftest.c:98:6: warning: conflicting types for built-in function 'strncasecmp'; expected 'int(const char *, const char *, long unsigned int)' [-Wbuiltin-declaration-mismatch]
   98 | char strncasecmp (void);
      |      ^~~~~~~~~~~
configure:6543: $? = 0
configure:6543: result: yes
configure:6543: checking for strrchr
configure:6543: gcc -o conftest -g -O2 -pipe -W -Wall -Wpointer-arith -Wstrict-prototypes -fstack-protector -Wno-format-truncation -DSYSCONFDIR='"$(sysconfdir)"' -DDOCDIR='"$(docdir)"'   conftest.c  >&5
conftest.c:99:6: warning: conflicting types for built-in function 'strrchr'; expected 'char *(const char *, int)' [-Wbuiltin-declaration-mismatch]
   99 | char strrchr (void);
      |      ^~~~~~~
conftest.c:91:1: note: 'strrchr' is declared in header '<string.h>'
   90 | #include <limits.h>
   91 | #undef strrchr
configure:6543: $? = 0
configure:6543: result: yes
configure:6543: checking for strspn
configure:6543: gcc -o conftest -g -O2 -pipe -W -Wall -Wpointer-arith -Wstrict-prototypes -fstack-protector -Wno-format-truncation -DSYSCONFDIR='"$(sysconfdir)"' -DDOCDIR='"$(docdir)"'   conftest.c  >&5
conftest.c:100:6: warning: conflicting types for built-in function 'strspn'; expected 'long unsigned int(const char *, const char *)' [-Wbuiltin-declaration-mismatch]
  100 | char strspn (void);
      |      ^~~~~~
conftest.c:92:1: note: 'strspn' is declared in header '<string.h>'
   91 | #include <limits.h>
   92 | #undef strspn
configure:6543: $? = 0
configure:6543: result: yes
configure:6543: checking for strstr
configure:6543: gcc -o conftest -g -O2 -pipe -W -Wall -Wpointer-arith -Wstrict-prototypes -fstack-protector -Wno-format-truncation -DSYSCONFDIR='"$(sysconfdir)"' -DDOCDIR='"$(docdir)"'   conftest.c  >&5
conftest.c:101:6: warning: conflicting types for built-in function 'strstr'; expected 'char *(const char *, const char *)' [-Wbuiltin-declaration-mismatch]
  101 | char strstr (void);
      |      ^~~~~~
conftest.c:93:1: note: 'strstr' is declared in header '<string.h>'
   92 | #include <limits.h>
   93 | #undef strstr
configure:6543: $? = 0
configure:6543: result: yes
configure:6583: checking for getaddrinfo
configure:6583: gcc -o conftest -g -O2 -pipe -W -Wall -Wpointer-arith -Wstrict-prototypes -fstack-protector -Wno-format-truncation -DSYSCONFDIR='"$(sysconfdir)"' -DDOCDIR='"$(docdir)"'   conftest.c  >&5
configure:6583: $? = 0
configure:6583: result: yes
configure:6588: checking whether getaddrinfo() works
configure:6619: gcc -o conftest -g -O2 -pipe -W -Wall -Wpointer-arith -Wstrict-prototypes -fstack-protector -Wno-format-truncation -DSYSCONFDIR='"$(sysconfdir)"' -DDOCDIR='"$(docdir)"'   conftest.c  >&5
conftest.c: In function 'main':
conftest.c:94:10: warning: unused parameter 'argc' [-Wunused-parameter]
   94 | main(int argc, char **argv)
      |      ~~~~^~~~
conftest.c:94:23: warning: unused parameter 'argv' [-Wunused-parameter]
   94 | main(int argc, char **argv)
      |                ~~~~~~~^~~~
configure:6619: $? = 0
configure:6619: ./conftest
configure:6619: $? = 0
configure:6625: result: yes
configure:6736: checking for library containing syslog
configure:6772: gcc -o conftest -g -O2 -pipe -W -Wall -Wpointer-arith -Wstrict-prototypes -fstack-protector -Wno-format-truncation -DSYSCONFDIR='"$(sysconfdir)"' -DDOCDIR='"$(docdir)"'   conftest.c  >&5
configure:6772: $? = 0
configure:6794: result: none required
configure:6813: checking for syslog.h
configure:6813: gcc -c -g -O2 -pipe -W -Wall -Wpointer-arith -Wstrict-prototypes -fstack-protector -Wno-format-truncation -DSYSCONFDIR='"$(sysconfdir)"' -DDOCDIR='"$(docdir)"'  conftest.c >&5
configure:6813: $? = 0
configure:6813: result: yes
configure:6908: checking for deflate in -lz
configure:6937: gcc -o conftest -g -O2 -pipe -W -Wall -Wpointer-arith -Wstrict-prototypes -fstack-protector -Wno-format-truncation -DSYSCONFDIR='"$(sysconfdir)"' -DDOCDIR='"$(docdir)"'   conftest.c -lz   >&5
configure:6937: $? = 0
configure:6949: result: yes
configure:6962: checking for deflate
configure:6962: gcc -o conftest -g -O2 -pipe -W -Wall -Wpointer-arith -Wstrict-prototypes -fstack-protector -Wno-format-truncation -DSYSCONFDIR='"$(sysconfdir)"' -DDOCDIR='"$(docdir)"'   conftest.c -lz  >&5
configure:6962: $? = 0
configure:6962: result: yes
configure:6980: checking for zlib.h
configure:6980: gcc -c -g -O2 -pipe -W -Wall -Wpointer-arith -Wstrict-prototypes -fstack-protector -Wno-format-truncation -DSYSCONFDIR='"$(sysconfdir)"' -DDOCDIR='"$(docdir)"'  conftest.c >&5
configure:6980: $? = 0
configure:6980: result: yes
configure:7029: checking for select
configure:7029: gcc -o conftest -g -O2 -pipe -W -Wall -Wpointer-arith -Wstrict-prototypes -fstack-protector -Wno-format-truncation -DSYSCONFDIR='"$(sysconfdir)"' -DDOCDIR='"$(docdir)"'   conftest.c -lz  >&5
configure:7029: $? = 0
configure:7029: result: yes
configure:7091: checking for poll
configure:7091: gcc -o conftest -g -O2 -pipe -W -Wall -Wpointer-arith -Wstrict-prototypes -fstack-protector -Wno-format-truncation -DSYSCONFDIR='"$(sysconfdir)"' -DDOCDIR='"$(docdir)"'   conftest.c -lz  >&5
configure:7091: $? = 0
configure:7091: result: yes
configure:7098: checking for poll.h
configure:7098: gcc -c -g -O2 -pipe -W -Wall -Wpointer-arith -Wstrict-prototypes -fstack-protector -Wno-format-truncation -DSYSCONFDIR='"$(sysconfdir)"' -DDOCDIR='"$(docdir)"'  conftest.c >&5
configure:7098: $? = 0
configure:7098: result: yes
configure:7146: checking for sys/devpoll.h
configure:7146: gcc -c -g -O2 -pipe -W -Wall -Wpointer-arith -Wstrict-prototypes -fstack-protector -Wno-format-truncation -DSYSCONFDIR='"$(sysconfdir)"' -DDOCDIR='"$(docdir)"'  conftest.c >&5
conftest.c:125:10: fatal error: sys/devpoll.h: No such file or directory
  125 | #include <sys/devpoll.h>
      |          ^~~~~~~~~~~~~~~
compilation terminated.
configure:7146: $? = 1
configure: failed program was:
| /* confdefs.h */
| #define PACKAGE_NAME "ngIRCd"
| #define PACKAGE_TARNAME "ngircd"
| #define PACKAGE_VERSION "27~6-g512af135"
| #define PACKAGE_STRING "ngIRCd 27~6-g512af135"
| #define PACKAGE_BUGREPORT "ngircd@lists.barton.de"
| #define PACKAGE_URL "https://ngircd.barton.de/"
| #define PACKAGE "ngircd"
| #define VERSION "27~6-g512af135"
| #define PROTOTYPES 1
| #define __PROTOTYPES 1
| #define ENABLE_SSP_CC 1
| #define HAVE_STDIO_H 1
| #define HAVE_STDLIB_H 1
| #define HAVE_STRING_H 1
| #define HAVE_INTTYPES_H 1
| #define HAVE_STDINT_H 1
| #define HAVE_STRINGS_H 1
| #define HAVE_SYS_STAT_H 1
| #define HAVE_SYS_TYPES_H 1
| #define HAVE_UNISTD_H 1
| #define HAVE_SYS_TIME_H 1
| #define HAVE_ARPA_INET_H 1
| #define HAVE_MALLOC_H 1
| #define HAVE_NETINET_IN_SYSTM_H 1
| #define HAVE_NETINET_IP_H 1
| #define HAVE_STDBOOL_H 1
| #define HAVE_STDDEF_H 1
| #define HAVE_SYS_RESOURCE_H 1
| #define HAVE_SYS_UN_H 1
| #define STDC_HEADERS 1
| #define HAVE_SYS_WAIT_H 1
| #define TIME_WITH_SYS_TIME 1
| #define HAVE_FCNTL_H 1
| #define HAVE_NETDB_H 1
| #define HAVE_NETINET_IN_H 1
| #define HAVE_STDLIB_H 1
| #define HAVE_STRING_H 1
| #define HAVE_STRINGS_H 1
| #define HAVE_SYS_SOCKET_H 1
| #define HAVE_SYS_TIME_H 1
| #define HAVE_SYS_TYPES_H 1
| #define HAVE_UNISTD_H 1
| #define HAVE_socklen_t 1
| #define HAVE_FORK 1
| #define HAVE_VFORK 1
| #define HAVE_GAI_STRERROR 1
| #define HAVE_GETNAMEINFO 1
| #define HAVE_INET_ATON 1
| #define HAVE_SETGROUPS 1
| #define HAVE_SETRLIMIT 1
| #define HAVE_SIGACTION 1
| #define HAVE_SIGPROCMASK 1
| #define HAVE_SNPRINTF 1
| #define HAVE_STRDUP 1
| #define HAVE_STRNDUP 1
| #define HAVE_STRSIGNAL 1
| #define HAVE_STRTOK_R 1
| #define HAVE_UNSETENV 1
| #define HAVE_VSNPRINTF 1
| #define HAVE_WAITPID 1
| #define HAVE_WORKING_VFORK 1
| #define HAVE_WORKING_FORK 1
| #define HAVE_STRFTIME 1
| #define HAVE_ALARM 1
| #define HAVE_DUP2 1
| #define HAVE_ENDPWENT 1
| #define HAVE_GETHOSTBYADDR 1
| #define HAVE_GETHOSTBYNAME 1
| #define HAVE_GETHOSTNAME 1
| #define HAVE_GETTIMEOFDAY 1
| #define HAVE_INET_NTOA 1
| #define HAVE_MEMMOVE 1
| #define HAVE_MEMSET 1
| #define HAVE_SETSID 1
| #define HAVE_SOCKET 1
| #define HAVE_STRCASECMP 1
| #define HAVE_STRCHR 1
| #define HAVE_STRCSPN 1
| #define HAVE_STRERROR 1
| #define HAVE_STRNCASECMP 1
| #define HAVE_STRRCHR 1
| #define HAVE_STRSPN 1
| #define HAVE_STRSTR 1
| #define HAVE_GETADDRINFO 1
| #define HAVE_WORKING_GETADDRINFO 1
| #define SYSLOG 1
| #define HAVE_SYSLOG_H 1
| #define HAVE_LIBZ 1
| #define HAVE_DEFLATE 1
| #define ZLIB 1
| #define HAVE_ZLIB_H 1
| #define HAVE_SELECT 1
| #define HAVE_POLL 1
| #define HAVE_POLL_H 1
| /* end confdefs.h.  */
| #include <stddef.h>
| #ifdef HAVE_STDIO_H
| # include <stdio.h>
| #endif
| #ifdef HAVE_STDLIB_H
| # include <stdlib.h>
| #endif
| #ifdef HAVE_STRING_H
| # include <string.h>
| #endif
| #ifdef HAVE_INTTYPES_H
| # include <inttypes.h>
| #endif
| #ifdef HAVE_STDINT_H
| # include <stdint.h>
| #endif
| #ifdef HAVE_STRINGS_H
| # include <strings.h>
| #endif
| #ifdef HAVE_SYS_TYPES_H
| # include <sys/types.h>
| #endif
| #ifdef HAVE_SYS_STAT_H
| # include <sys/stat.h>
| #endif
| #ifdef HAVE_UNISTD_H
| # include <unistd.h>
| #endif
| #include <sys/devpoll.h>
configure:7146: result: no
configure:7192: checking for epoll_create
configure:7192: gcc -o conftest -g -O2 -pipe -W -Wall -Wpointer-arith -Wstrict-prototypes -fstack-protector -Wno-format-truncation -DSYSCONFDIR='"$(sysconfdir)"' -DDOCDIR='"$(docdir)"'   conftest.c -lz  >&5
configure:7192: $? = 0
configure:7192: result: yes
configure:7238: checking for kqueue
configure:7238: gcc -o conftest -g -O2 -pipe -W -Wall -Wpointer-arith -Wstrict-prototypes -fstack-protector -Wno-format-truncation -DSYSCONFDIR='"$(sysconfdir)"' -DDOCDIR='"$(docdir)"'   conftest.c -lz  >&5
/usr/bin/ld: /tmp/ccsgeUC6.o: in function `main':
/home/sguzman/ft_irc/conftest.c:125: undefined reference to `kqueue'
collect2: error: ld returned 1 exit status
configure:7238: $? = 1
configure: failed program was:
| /* confdefs.h */
| #define PACKAGE_NAME "ngIRCd"
| #define PACKAGE_TARNAME "ngircd"
| #define PACKAGE_VERSION "27~6-g512af135"
| #define PACKAGE_STRING "ngIRCd 27~6-g512af135"
| #define PACKAGE_BUGREPORT "ngircd@lists.barton.de"
| #define PACKAGE_URL "https://ngircd.barton.de/"
| #define PACKAGE "ngircd"
| #define VERSION "27~6-g512af135"
| #define PROTOTYPES 1
| #define __PROTOTYPES 1
| #define ENABLE_SSP_CC 1
| #define HAVE_STDIO_H 1
| #define HAVE_STDLIB_H 1
| #define HAVE_STRING_H 1
| #define HAVE_INTTYPES_H 1
| #define HAVE_STDINT_H 1
| #define HAVE_STRINGS_H 1
| #define HAVE_SYS_STAT_H 1
| #define HAVE_SYS_TYPES_H 1
| #define HAVE_UNISTD_H 1
| #define HAVE_SYS_TIME_H 1
| #define HAVE_ARPA_INET_H 1
| #define HAVE_MALLOC_H 1
| #define HAVE_NETINET_IN_SYSTM_H 1
| #define HAVE_NETINET_IP_H 1
| #define HAVE_STDBOOL_H 1
| #define HAVE_STDDEF_H 1
| #define HAVE_SYS_RESOURCE_H 1
| #define HAVE_SYS_UN_H 1
| #define STDC_HEADERS 1
| #define HAVE_SYS_WAIT_H 1
| #define TIME_WITH_SYS_TIME 1
| #define HAVE_FCNTL_H 1
| #define HAVE_NETDB_H 1
| #define HAVE_NETINET_IN_H 1
| #define HAVE_STDLIB_H 1
| #define HAVE_STRING_H 1
| #define HAVE_STRINGS_H 1
| #define HAVE_SYS_SOCKET_H 1
| #define HAVE_SYS_TIME_H 1
| #define HAVE_SYS_TYPES_H 1
| #define HAVE_UNISTD_H 1
| #define HAVE_socklen_t 1
| #define HAVE_FORK 1
| #define HAVE_VFORK 1
| #define HAVE_GAI_STRERROR 1
| #define HAVE_GETNAMEINFO 1
| #define HAVE_INET_ATON 1
| #define HAVE_SETGROUPS 1
| #define HAVE_SETRLIMIT 1
| #define HAVE_SIGACTION 1
| #define HAVE_SIGPROCMASK 1
| #define HAVE_SNPRINTF 1
| #define HAVE_STRDUP 1
| #define HAVE_STRNDUP 1
| #define HAVE_STRSIGNAL 1
| #define HAVE_STRTOK_R 1
| #define HAVE_UNSETENV 1
| #define HAVE_VSNPRINTF 1
| #define HAVE_WAITPID 1
| #define HAVE_WORKING_VFORK 1
| #define HAVE_WORKING_FORK 1
| #define HAVE_STRFTIME 1
| #define HAVE_ALARM 1
| #define HAVE_DUP2 1
| #define HAVE_ENDPWENT 1
| #define HAVE_GETHOSTBYADDR 1
| #define HAVE_GETHOSTBYNAME 1
| #define HAVE_GETHOSTNAME 1
| #define HAVE_GETTIMEOFDAY 1
| #define HAVE_INET_NTOA 1
| #define HAVE_MEMMOVE 1
| #define HAVE_MEMSET 1
| #define HAVE_SETSID 1
| #define HAVE_SOCKET 1
| #define HAVE_STRCASECMP 1
| #define HAVE_STRCHR 1
| #define HAVE_STRCSPN 1
| #define HAVE_STRERROR 1
| #define HAVE_STRNCASECMP 1
| #define HAVE_STRRCHR 1
| #define HAVE_STRSPN 1
| #define HAVE_STRSTR 1
| #define HAVE_GETADDRINFO 1
| #define HAVE_WORKING_GETADDRINFO 1
| #define SYSLOG 1
| #define HAVE_SYSLOG_H 1
| #define HAVE_LIBZ 1
| #define HAVE_DEFLATE 1
| #define ZLIB 1
| #define HAVE_ZLIB_H 1
| #define HAVE_SELECT 1
| #define HAVE_POLL 1
| #define HAVE_POLL_H 1
| #define HAVE_EPOLL_CREATE 1
| /* end confdefs.h.  */
| /* Define kqueue to an innocuous variant, in case <limits.h> declares kqueue.
|    For example, HP-UX 11i <limits.h> declares gettimeofday.  */
| #define kqueue innocuous_kqueue
| 
| /* System header to define __stub macros and hopefully few prototypes,
|    which can conflict with char kqueue (void); below.  */
| 
| #include <limits.h>
| #undef kqueue
| 
| /* Override any GCC internal prototype to avoid an error.
|    Use char because int might match the return type of a GCC
|    builtin and then its argument prototype would still apply.  */
| #ifdef __cplusplus
| extern "C"
| #endif
| char kqueue (void);
| /* The GNU C library defines this for functions which it implements
|     to always fail with ENOSYS.  Some functions are actually named
|     something starting with __ and the normal name is an alias.  */
| #if defined __stub_kqueue || defined __stub___kqueue
| choke me
| #endif
| 
| int
| main (void)
| {
| return kqueue ();
|   ;
|   return 0;
| }
configure:7238: result: no
configure:7334: checking for pkg-config
configure:7357: found /usr/bin/pkg-config
configure:7370: result: /usr/bin/pkg-config
configure:7395: checking pkg-config is at least version 0.9.0
configure:7398: result: yes
configure:8296: checking for getaddrinfo
configure:8296: result: yes
configure:8296: checking for getnameinfo
configure:8296: result: yes
configure:8493: checking that generated files are newer than configure
configure:8499: result: done
configure:8538: creating ./config.status

## ---------------------- ##
## Running config.status. ##
## ---------------------- ##

This file was extended by ngIRCd config.status 27~6-g512af135, which was
generated by GNU Autoconf 2.72.  Invocation command line was

  CONFIG_FILES    = 
  CONFIG_HEADERS  = 
  CONFIG_LINKS    = 
  CONFIG_COMMANDS = 
  $ ./config.status 

on cbr15s5.42barcelona.com

config.status:969: creating Makefile
config.status:969: creating contrib/Debian/Makefile
config.status:969: creating contrib/Makefile
config.status:969: creating doc/Makefile
config.status:969: creating doc/src/Makefile
config.status:969: creating man/Makefile
config.status:969: creating src/ipaddr/Makefile
config.status:969: creating src/Makefile
config.status:969: creating src/ngircd/Makefile
config.status:969: creating src/portab/Makefile
config.status:969: creating src/testsuite/Makefile
config.status:969: creating src/tool/Makefile
config.status:969: creating src/config.h
config.status:1150: src/config.h is unchanged
config.status:1198: executing depfiles commands
config.status:1275: cd src/ipaddr       && sed -e '/# am--include-marker/d' Makefile         | make -f - am--depfiles
make: Nothing to be done for 'am--depfiles'.
config.status:1280: $? = 0
config.status:1275: cd src/ngircd       && sed -e '/# am--include-marker/d' Makefile         | make -f - am--depfiles
make: Nothing to be done for 'am--depfiles'.
config.status:1280: $? = 0
config.status:1275: cd src/portab       && sed -e '/# am--include-marker/d' Makefile         | make -f - am--depfiles
make: Nothing to be done for 'am--depfiles'.
config.status:1280: $? = 0
config.status:1275: cd src/tool       && sed -e '/# am--include-marker/d' Makefile         | make -f - am--depfiles
make: Nothing to be done for 'am--depfiles'.
config.status:1280: $? = 0

## ---------------- ##
## Cache variables. ##
## ---------------- ##

ac_cv_build=x86_64-pc-linux-gnu
ac_cv_c_compiler_gnu=yes
ac_cv_c_const=yes
ac_cv_c_inline=inline
ac_cv_c_uint16_t=yes
ac_cv_c_uint32_t=yes
ac_cv_c_uint8_t=yes
ac_cv_env_CC_set=
ac_cv_env_CC_value=
ac_cv_env_CFLAGS_set=
ac_cv_env_CFLAGS_value=
ac_cv_env_CPPFLAGS_set=
ac_cv_env_CPPFLAGS_value=
ac_cv_env_LDFLAGS_set=
ac_cv_env_LDFLAGS_value=
ac_cv_env_LIBS_set=
ac_cv_env_LIBS_value=
ac_cv_env_OPENSSL_CFLAGS_set=
ac_cv_env_OPENSSL_CFLAGS_value=
ac_cv_env_OPENSSL_LIBS_set=
ac_cv_env_OPENSSL_LIBS_value=
ac_cv_env_PKG_CONFIG_LIBDIR_set=
ac_cv_env_PKG_CONFIG_LIBDIR_value=
ac_cv_env_PKG_CONFIG_PATH_set=
ac_cv_env_PKG_CONFIG_PATH_value=
ac_cv_env_PKG_CONFIG_set=
ac_cv_env_PKG_CONFIG_value=
ac_cv_env_build_alias_set=
ac_cv_env_build_alias_value=
ac_cv_env_host_alias_set=
ac_cv_env_host_alias_value=
ac_cv_env_target_alias_set=
ac_cv_env_target_alias_value=
ac_cv_func_alarm=yes
ac_cv_func_arc4random=no
ac_cv_func_arc4random_stir=no
ac_cv_func_deflate=yes
ac_cv_func_dup2=yes
ac_cv_func_endpwent=yes
ac_cv_func_epoll_create=yes
ac_cv_func_fork=yes
ac_cv_func_fork_works=yes
ac_cv_func_gai_strerror=yes
ac_cv_func_getaddrinfo=yes
ac_cv_func_gethostbyaddr=yes
ac_cv_func_gethostbyname=yes
ac_cv_func_gethostname=yes
ac_cv_func_getnameinfo=yes
ac_cv_func_gettimeofday=yes
ac_cv_func_inet_aton=yes
ac_cv_func_inet_ntoa=yes
ac_cv_func_kqueue=no
ac_cv_func_memmove=yes
ac_cv_func_memset=yes
ac_cv_func_poll=yes
ac_cv_func_select=yes
ac_cv_func_setgroups=yes
ac_cv_func_setrlimit=yes
ac_cv_func_setsid=yes
ac_cv_func_sigaction=yes
ac_cv_func_sigprocmask=yes
ac_cv_func_snprintf=yes
ac_cv_func_socket=yes
ac_cv_func_strcasecmp=yes
ac_cv_func_strchr=yes
ac_cv_func_strcspn=yes
ac_cv_func_strdup=yes
ac_cv_func_strerror=yes
ac_cv_func_strftime=yes
ac_cv_func_strlcat=no
ac_cv_func_strlcpy=no
ac_cv_func_strncasecmp=yes
ac_cv_func_strndup=yes
ac_cv_func_strrchr=yes
ac_cv_func_strsignal=yes
ac_cv_func_strspn=yes
ac_cv_func_strstr=yes
ac_cv_func_strtok_r=yes
ac_cv_func_unsetenv=yes
ac_cv_func_vfork=yes
ac_cv_func_vfork_works=yes
ac_cv_func_vsnprintf=yes
ac_cv_func_waitpid=yes
ac_cv_header_arpa_inet_h=yes
ac_cv_header_fcntl_h=yes
ac_cv_header_inttypes_h=yes
ac_cv_header_malloc_h=yes
ac_cv_header_netdb_h=yes
ac_cv_header_netinet_in_h=yes
ac_cv_header_netinet_in_systm_h=yes
ac_cv_header_netinet_ip_h=yes
ac_cv_header_poll_h=yes
ac_cv_header_stdbool_h=yes
ac_cv_header_stddef_h=yes
ac_cv_header_stdint_h=yes
ac_cv_header_stdio_h=yes
ac_cv_header_stdlib_h=yes
ac_cv_header_string_h=yes
ac_cv_header_strings_h=yes
ac_cv_header_sys_devpoll_h=no
ac_cv_header_sys_resource_h=yes
ac_cv_header_sys_socket_h=yes
ac_cv_header_sys_stat_h=yes
ac_cv_header_sys_time_h=yes
ac_cv_header_sys_types_h=yes
ac_cv_header_sys_un_h=yes
ac_cv_header_sys_wait_h=yes
ac_cv_header_syslog_h=yes
ac_cv_header_unistd_h=yes
ac_cv_header_varargs_h=no
ac_cv_header_vfork_h=no
ac_cv_header_zlib_h=yes
ac_cv_host=x86_64-pc-linux-gnu
ac_cv_lib_z_deflate=yes
ac_cv_member_struct_sockaddr_in_sin_len=no
ac_cv_objext=o
ac_cv_path_EGREP='/usr/bin/grep -E'
ac_cv_path_EGREP_TRADITIONAL='/usr/bin/grep -E'
ac_cv_path_GREP=/usr/bin/grep
ac_cv_path_ac_pt_PKG_CONFIG=/usr/bin/pkg-config
ac_cv_path_install='/usr/bin/install -c'
ac_cv_path_mkdir=/usr/bin/mkdir
ac_cv_prog_AWK=gawk
ac_cv_prog_ac_ct_AR=ar
ac_cv_prog_ac_ct_CC=gcc
ac_cv_prog_ac_ct_RANLIB=ranlib
ac_cv_prog_cc_c11=
ac_cv_prog_cc_g=yes
ac_cv_prog_cc_stdc=
ac_cv_prog_make_make_set=yes
ac_cv_search_bind='none required'
ac_cv_search_gethostbyname='none required'
ac_cv_search_memmove='none required'
ac_cv_search_syslog='none required'
ac_cv_type_gid_t=yes
ac_cv_type_pid_t=yes
ac_cv_type_size_t=yes
ac_cv_type_ssize_t=yes
ac_cv_type_uid_t=yes
am_cv_CC_dependencies_compiler_type=gcc3
am_cv_ar_interface=ar
am_cv_filesystem_timestamp_resolution=0.01
am_cv_make_support_nested_variables=yes
am_cv_prog_cc_c_o=yes
am_cv_sleep_fractional_seconds=yes
am_cv_xargs_n_works=yes

## ----------------- ##
## Output variables. ##
## ----------------- ##

ACLOCAL='${SHELL} '\''/home/sguzman/ft_irc/missing'\'' aclocal-1.17'
AMDEPBACKSLASH='\'
AMDEP_FALSE='#'
AMDEP_TRUE=''
AMTAR='$${TAR-tar}'
AM_BACKSLASH='\'
AM_DEFAULT_V='$(AM_DEFAULT_VERBOSITY)'
AM_DEFAULT_VERBOSITY='0'
AM_V='$(V)'
AR='ar'
AUTOCONF='${SHELL} '\''/home/sguzman/ft_irc/missing'\'' autoconf'
AUTOHEADER='${SHELL} '\''/home/sguzman/ft_irc/missing'\'' autoheader'
AUTOMAKE='${SHELL} '\''/home/sguzman/ft_irc/missing'\'' automake-1.17'
AWK='gawk'
CC='gcc'
CCDEPMODE='depmode=gcc3'
CFLAGS='-g -O2 -pipe -W -Wall -Wpointer-arith -Wstrict-prototypes -fstack-protector -Wno-format-truncation -DSYSCONFDIR='\''"$(sysconfdir)"'\'' -DDOCDIR='\''"$(docdir)"'\'''
CPPFLAGS=''
CSCOPE='cscope'
CTAGS='ctags'
CYGPATH_W='echo'
DEFS='-DHAVE_CONFIG_H'
DEPDIR='.deps'
ECHO_C=''
ECHO_N='-n'
ECHO_T=''
EGREP='/usr/bin/grep -E'
ETAGS='etags'
EXEEXT=''
GREP='/usr/bin/grep'
HAVE_SSL_FALSE=''
HAVE_SSL_TRUE='#'
INSTALL_DATA='${INSTALL} -m 644'
INSTALL_PROGRAM='${INSTALL}'
INSTALL_SCRIPT='${INSTALL}'
INSTALL_STRIP_PROGRAM='$(install_sh) -c -s'
LDFLAGS=''
LIBOBJS=''
LIBS='-lz '
LN_S='ln -s'
LTLIBOBJS=''
MAKEINFO='${SHELL} '\''/home/sguzman/ft_irc/missing'\'' makeinfo'
MKDIR_P='/usr/bin/mkdir -p'
OBJEXT='o'
OPENSSL_CFLAGS=''
OPENSSL_LIBS=''
PACKAGE='ngircd'
PACKAGE_BUGREPORT='ngircd@lists.barton.de'
PACKAGE_NAME='ngIRCd'
PACKAGE_STRING='ngIRCd 27~6-g512af135'
PACKAGE_TARNAME='ngircd'
PACKAGE_URL='https://ngircd.barton.de/'
PACKAGE_VERSION='27~6-g512af135'
PATH_SEPARATOR=':'
PKG_CONFIG='/usr/bin/pkg-config'
PKG_CONFIG_LIBDIR=''
PKG_CONFIG_PATH=''
RANLIB='ranlib'
SET_MAKE=''
SHELL='/bin/bash'
STRIP=''
VERSION='27~6-g512af135'
ac_ct_AR='ar'
ac_ct_CC='gcc'
am__EXEEXT_FALSE=''
am__EXEEXT_TRUE='#'
am__fastdepCC_FALSE='#'
am__fastdepCC_TRUE=''
am__include='include'
am__isrc=''
am__leading_dot='.'
am__nodep='_no'
am__quote=''
am__rm_f_notfound=''
am__tar='$${TAR-tar} chof - "$$tardir"'
am__untar='$${TAR-tar} xf -'
am__xargs_n='xargs -n'
bindir='${exec_prefix}/bin'
build='x86_64-pc-linux-gnu'
build_alias=''
build_cpu='x86_64'
build_os='linux-gnu'
build_vendor='pc'
datadir='${datarootdir}'
datarootdir='${prefix}/share'
docdir='${datarootdir}/doc/${PACKAGE_TARNAME}'
dvidir='${docdir}'
exec_prefix='${prefix}'
host='x86_64-pc-linux-gnu'
host_alias=''
host_cpu='x86_64'
host_os='linux-gnu'
host_vendor='pc'
htmldir='${docdir}'
includedir='${prefix}/include'
infodir='${datarootdir}/info'
install_sh='${SHELL} /home/sguzman/ft_irc/install-sh'
libdir='${exec_prefix}/lib'
libexecdir='${exec_prefix}/libexec'
localedir='${datarootdir}/locale'
localstatedir='${prefix}/var'
mandir='${datarootdir}/man'
mkdir_p='$(MKDIR_P)'
oldincludedir='/usr/include'
pdfdir='${docdir}'
prefix='/usr/local'
program_transform_name='s,x,x,'
psdir='${docdir}'
runstatedir='${localstatedir}/run'
sbindir='${exec_prefix}/sbin'
sharedstatedir='${prefix}/com'
sysconfdir='${prefix}/etc'
target_alias=''

## ----------- ##
## confdefs.h. ##
## ----------- ##

/* confdefs.h */
#define PACKAGE_NAME "ngIRCd"
#define PACKAGE_TARNAME "ngircd"
#define PACKAGE_VERSION "27~6-g512af135"
#define PACKAGE_STRING "ngIRCd 27~6-g512af135"
#define PACKAGE_BUGREPORT "ngircd@lists.barton.de"
#define PACKAGE_URL "https://ngircd.barton.de/"
#define PACKAGE "ngircd"
#define VERSION "27~6-g512af135"
#define PROTOTYPES 1
#define __PROTOTYPES 1
#define ENABLE_SSP_CC 1
#define HAVE_STDIO_H 1
#define HAVE_STDLIB_H 1
#define HAVE_STRING_H 1
#define HAVE_INTTYPES_H 1
#define HAVE_STDINT_H 1
#define HAVE_STRINGS_H 1
#define HAVE_SYS_STAT_H 1
#define HAVE_SYS_TYPES_H 1
#define HAVE_UNISTD_H 1
#define HAVE_SYS_TIME_H 1
#define HAVE_ARPA_INET_H 1
#define HAVE_MALLOC_H 1
#define HAVE_NETINET_IN_SYSTM_H 1
#define HAVE_NETINET_IP_H 1
#define HAVE_STDBOOL_H 1
#define HAVE_STDDEF_H 1
#define HAVE_SYS_RESOURCE_H 1
#define HAVE_SYS_UN_H 1
#define STDC_HEADERS 1
#define HAVE_SYS_WAIT_H 1
#define TIME_WITH_SYS_TIME 1
#define HAVE_FCNTL_H 1
#define HAVE_NETDB_H 1
#define HAVE_NETINET_IN_H 1
#define HAVE_STDLIB_H 1
#define HAVE_STRING_H 1
#define HAVE_STRINGS_H 1
#define HAVE_SYS_SOCKET_H 1
#define HAVE_SYS_TIME_H 1
#define HAVE_SYS_TYPES_H 1
#define HAVE_UNISTD_H 1
#define HAVE_socklen_t 1
#define HAVE_FORK 1
#define HAVE_VFORK 1
#define HAVE_GAI_STRERROR 1
#define HAVE_GETNAMEINFO 1
#define HAVE_INET_ATON 1
#define HAVE_SETGROUPS 1
#define HAVE_SETRLIMIT 1
#define HAVE_SIGACTION 1
#define HAVE_SIGPROCMASK 1
#define HAVE_SNPRINTF 1
#define HAVE_STRDUP 1
#define HAVE_STRNDUP 1
#define HAVE_STRSIGNAL 1
#define HAVE_STRTOK_R 1
#define HAVE_UNSETENV 1
#define HAVE_VSNPRINTF 1
#define HAVE_WAITPID 1
#define HAVE_WORKING_VFORK 1
#define HAVE_WORKING_FORK 1
#define HAVE_STRFTIME 1
#define HAVE_ALARM 1
#define HAVE_DUP2 1
#define HAVE_ENDPWENT 1
#define HAVE_GETHOSTBYADDR 1
#define HAVE_GETHOSTBYNAME 1
#define HAVE_GETHOSTNAME 1
#define HAVE_GETTIMEOFDAY 1
#define HAVE_INET_NTOA 1
#define HAVE_MEMMOVE 1
#define HAVE_MEMSET 1
#define HAVE_SETSID 1
#define HAVE_SOCKET 1
#define HAVE_STRCASECMP 1
#define HAVE_STRCHR 1
#define HAVE_STRCSPN 1
#define HAVE_STRERROR 1
#define HAVE_STRNCASECMP 1
#define HAVE_STRRCHR 1
#define HAVE_STRSPN 1
#define HAVE_STRSTR 1
#define HAVE_GETADDRINFO 1
#define HAVE_WORKING_GETADDRINFO 1
#define SYSLOG 1
#define HAVE_SYSLOG_H 1
#define HAVE_LIBZ 1
#define HAVE_DEFLATE 1
#define ZLIB 1
#define HAVE_ZLIB_H 1
#define HAVE_SELECT 1
#define HAVE_POLL 1
#define HAVE_POLL_H 1
#define HAVE_EPOLL_CREATE 1
#define IRCPLUS 1
#define HAVE_GETADDRINFO 1
#define HAVE_GETNAMEINFO 1
#define WANT_IPV6 1
#define HOST_CPU "x86_64" 
#define HOST_VENDOR "pc" 
#define HOST_OS "linux-gnu" 

configure: exit 0

## ---------------------- ##
## Running config.status. ##
## ---------------------- ##

This file was extended by ngIRCd config.status 27~6-g512af135, which was
generated by GNU Autoconf 2.72.  Invocation command line was

  CONFIG_FILES    = 
  CONFIG_HEADERS  = 
  CONFIG_LINKS    = 
  CONFIG_COMMANDS = 
  $ ./config.status src/config.h

on cbr15s5.42barcelona.com

config.status:969: creating src/config.h
config.status:1150: src/config.h is unchanged

## ---------------------- ##
## Running config.status. ##
## ---------------------- ##

This file was extended by ngIRCd config.status 27~6-g512af135, which was
generated by GNU Autoconf 2.72.  Invocation command line was

  CONFIG_FILES    = 
  CONFIG_HEADERS  = 
  CONFIG_LINKS    = 
  CONFIG_COMMANDS = 
  $ ./config.status Makefile

on cbr15s5.42barcelona.com

config.status:969: creating Makefile

## ---------------------- ##
## Running config.status. ##
## ---------------------- ##

This file was extended by ngIRCd config.status 27~6-g512af135, which was
generated by GNU Autoconf 2.72.  Invocation command line was

  CONFIG_FILES    = 
  CONFIG_HEADERS  = 
  CONFIG_LINKS    = 
  CONFIG_COMMANDS = 
  $ ./config.status doc/Makefile

on cbr15s5.42barcelona.com

config.status:969: creating doc/Makefile

## ---------------------- ##
## Running config.status. ##
## ---------------------- ##

This file was extended by ngIRCd config.status 27~6-g512af135, which was
generated by GNU Autoconf 2.72.  Invocation command line was

  CONFIG_FILES    = 
  CONFIG_HEADERS  = 
  CONFIG_LINKS    = 
  CONFIG_COMMANDS = 
  $ ./config.status doc/src/Makefile

on cbr15s5.42barcelona.com

config.status:969: creating doc/src/Makefile

## ---------------------- ##
## Running config.status. ##
## ---------------------- ##

This file was extended by ngIRCd config.status 27~6-g512af135, which was
generated by GNU Autoconf 2.72.  Invocation command line was

  CONFIG_FILES    = 
  CONFIG_HEADERS  = 
  CONFIG_LINKS    = 
  CONFIG_COMMANDS = 
  $ ./config.status src/Makefile

on cbr15s5.42barcelona.com

config.status:969: creating src/Makefile

## ---------------------- ##
## Running config.status. ##
## ---------------------- ##

This file was extended by ngIRCd config.status 27~6-g512af135, which was
generated by GNU Autoconf 2.72.  Invocation command line was

  CONFIG_FILES    = 
  CONFIG_HEADERS  = 
  CONFIG_LINKS    = 
  CONFIG_COMMANDS = 
  $ ./config.status src/portab/Makefile depfiles

on cbr15s5.42barcelona.com

config.status:969: creating src/portab/Makefile
config.status:1198: executing depfiles commands
config.status:1275: cd src/portab       && sed -e '/# am--include-marker/d' Makefile         | make -f - am--depfiles
make[4]: Entering directory '/home/sguzman/ft_irc/src/portab'
make[4]: Nothing to be done for 'am--depfiles'.
make[4]: Leaving directory '/home/sguzman/ft_irc/src/portab'
config.status:1280: $? = 0

## ---------------------- ##
## Running config.status. ##
## ---------------------- ##

This file was extended by ngIRCd config.status 27~6-g512af135, which was
generated by GNU Autoconf 2.72.  Invocation command line was

  CONFIG_FILES    = 
  CONFIG_HEADERS  = 
  CONFIG_LINKS    = 
  CONFIG_COMMANDS = 
  $ ./config.status src/tool/Makefile depfiles

on cbr15s5.42barcelona.com

config.status:969: creating src/tool/Makefile
config.status:1198: executing depfiles commands
config.status:1275: cd src/tool       && sed -e '/# am--include-marker/d' Makefile         | make -f - am--depfiles
make[4]: Entering directory '/home/sguzman/ft_irc/src/tool'
make[4]: Nothing to be done for 'am--depfiles'.
make[4]: Leaving directory '/home/sguzman/ft_irc/src/tool'
config.status:1280: $? = 0

## ---------------------- ##
## Running config.status. ##
## ---------------------- ##

This file was extended by ngIRCd config.status 27~6-g512af135, which was
generated by GNU Autoconf 2.72.  Invocation command line was

  CONFIG_FILES    = 
  CONFIG_HEADERS  = 
  CONFIG_LINKS    = 
  CONFIG_COMMANDS = 
  $ ./config.status src/ipaddr/Makefile depfiles

on cbr15s5.42barcelona.com

config.status:969: creating src/ipaddr/Makefile
config.status:1198: executing depfiles commands
config.status:1275: cd src/ipaddr       && sed -e '/# am--include-marker/d' Makefile         | make -f - am--depfiles
make[4]: Entering directory '/home/sguzman/ft_irc/src/ipaddr'
make[4]: Nothing to be done for 'am--depfiles'.
make[4]: Leaving directory '/home/sguzman/ft_irc/src/ipaddr'
config.status:1280: $? = 0

## ---------------------- ##
## Running config.status. ##
## ---------------------- ##

This file was extended by ngIRCd config.status 27~6-g512af135, which was
generated by GNU Autoconf 2.72.  Invocation command line was

  CONFIG_FILES    = 
  CONFIG_HEADERS  = 
  CONFIG_LINKS    = 
  CONFIG_COMMANDS = 
  $ ./config.status src/ngircd/Makefile depfiles

on cbr15s5.42barcelona.com

config.status:969: creating src/ngircd/Makefile
config.status:1198: executing depfiles commands
config.status:1275: cd src/ngircd       && sed -e '/# am--include-marker/d' Makefile         | make -f - am--depfiles
make[4]: Entering directory '/home/sguzman/ft_irc/src/ngircd'
make[4]: Nothing to be done for 'am--depfiles'.
make[4]: Leaving directory '/home/sguzman/ft_irc/src/ngircd'
config.status:1280: $? = 0

## ---------------------- ##
## Running config.status. ##
## ---------------------- ##

This file was extended by ngIRCd config.status 27~6-g512af135, which was
generated by GNU Autoconf 2.72.  Invocation command line was

  CONFIG_FILES    = 
  CONFIG_HEADERS  = 
  CONFIG_LINKS    = 
  CONFIG_COMMANDS = 
  $ ./config.status src/testsuite/Makefile

on cbr15s5.42barcelona.com

config.status:969: creating src/testsuite/Makefile

## ---------------------- ##
## Running config.status. ##
## ---------------------- ##

This file was extended by ngIRCd config.status 27~6-g512af135, which was
generated by GNU Autoconf 2.72.  Invocation command line was

  CONFIG_FILES    = 
  CONFIG_HEADERS  = 
  CONFIG_LINKS    = 
  CONFIG_COMMANDS = 
  $ ./config.status man/Makefile

on cbr15s5.42barcelona.com

config.status:969: creating man/Makefile

## ---------------------- ##
## Running config.status. ##
## ---------------------- ##

This file was extended by ngIRCd config.status 27~6-g512af135, which was
generated by GNU Autoconf 2.72.  Invocation command line was

  CONFIG_FILES    = 
  CONFIG_HEADERS  = 
  CONFIG_LINKS    = 
  CONFIG_COMMANDS = 
  $ ./config.status contrib/Makefile

on cbr15s5.42barcelona.com

config.status:969: creating contrib/Makefile

## ---------------------- ##
## Running config.status. ##
## ---------------------- ##

This file was extended by ngIRCd config.status 27~6-g512af135, which was
generated by GNU Autoconf 2.72.  Invocation command line was

  CONFIG_FILES    = 
  CONFIG_HEADERS  = 
  CONFIG_LINKS    = 
  CONFIG_COMMANDS = 
  $ ./config.status contrib/Debian/Makefile

on cbr15s5.42barcelona.com

config.status:969: creating contrib/Debian/Makefile
